{"logTime": "0315/122043", "correlationVector":"02Tuj3VI5c5z6cM6NaujpM.1","action":"SyncServerConnectionManagerRequest", "result":"SYNC_SERVER_OK", "context":{"environment":"Prod_southindia_prod-s01-004-apac-southindia", "migrationStage":"NotStarted", "server":"akswtt010000024"}}
{"logTime": "0315/122043", "correlationVector":"02Tuj3VI5c5z6cM6NaujpM.2","action":"ProcessGetUpdates", "result":"Done", "context":{"dataType":"Encryption Keys", "deleted":"0", "process_failed_to_decrypt":"0", "process_pending_decryption":"0", "process_success":"1", "total":"1"}}
{"logTime": "0315/122049", "correlationVector":"S+UM7KHJq3rAQj0lN1JsGb","action":"SyncServerConnectionManagerRequest", "result":"SYNC_SERVER_OK", "context":{"environment":"", "migrationStage":"", "server":""}}
{"logTime": "0315/122049", "correlationVector":"S+UM7KHJq3rAQj0lN1JsGb.0","action":"EncryptionKeysFetcher.DownloadKeys:", "result":"Success", "context":Key count: 10, Last key timestamp: 2025-03-15T07:32:46Z}
{"logTime": "0315/122049", "correlationVector":"S+UM7KHJq3rAQj0lN1JsGb.1","action":"EncryptionKeysManager::SetEncryptionKeys:", "result":"Success", "context":Key names[10]:[7PMfqPTIRp5OeHcc6LrWdm4aXNFyH/m92yi54/HyB210JgTB5DEiMciB4Xmf9y59isvv7cVj8q6QOYEkZTxuVA==][SR9vCWmx2ozHVq5/Jycnp3CBpOwkj6ZV5a4jufZhwDjsGNJHxwbGaEp90n47mulO2rqBkZw5Gu1VXn2/9GsCnQ==][HnrQWjoWWd1JjMDabcyD4CdJ7KKQCc7vheCFJ65noVxliXsjKPFxavugfe7f/pI8RGpKCuYDNHv6TBvaBocWYw==][A/v1mRzu/9HTMjqsj+ZIeu+jAsEsXoW1dEeelWzu0YmsTitb04nYDq4l3+Mg6U5HGSKyj3vznNEy03RgJFN6Iw==][hOgXTYhUW1VnMAd42g0hyZRSUAMIs8vrpPJUu0ZcvyM6864VRG+Wan8N84jmmga32Gd+BAoJ/4J8b7HZV2kdXg==][q12aqoVxaSgYx1CN1jUbq4fUHk4JyK2xnOOSQyL9tRuGEWh524qO4PvKfS8TmmxFKbMeIkLtMrHGbd9KGolFmA==][BdYwSvO1i67FcYj3BcL/hFZU3lAJaa2HkcNyI1mToOZjxU0M/ZO/tuU9q2MpD0QgDDxcEl5edc5LrQFsutPhkw==][Jx4bP+dNoiYOuo3xo/v748PIGD2q4Z7q+ZCzb70WeKYhblnwOJHqNZCyyU8JyLerbZ3UPdGnTJ9yt3nimeR28Q==][67zt754gs3Yh54xXaPp/k2N7MQMge+bz5Hs6ECchwsj7XDomCpv4coAisZHrEFvz2siF4PizN5wVFRz4CtGn5Q==][gen/T4nt5AFluQ+4KWwwMMPvLJMy4NUZ6SN/ylZgW15oBdoEdEj5qCh/0Au5vEDVPDcAMVrB+nTBXcQ4Bah8/w==]}
{"logTime": "0315/122049", "correlationVector":"S+UM7KHJq3rAQj0lN1JsGb.2","action":"EncryptionKeysManager::SetEncryptionKeysWithTimestamps:", "result":"Success", "context":Key timestamps[10]:[2021-04-05T10:19:14Z][2021-07-15T05:27:45Z][2022-01-11T11:22:06Z][2022-07-11T09:53:16Z][2023-01-07T12:08:21Z][2023-07-07T12:22:02Z][2023-11-30T15:44:09Z][2024-05-29T07:25:18Z][2024-09-15T16:20:42Z][2025-03-15T07:32:46Z]}
{"logTime": "0315/122049", "correlationVector":"02Tuj3VI5c5z6cM6NaujpM","action":"Initial GetUpdates", "result":"", "context":Reason: NEW_CLIENT. cV=02Tuj3VI5c5z6cM6NaujpM}
{"logTime": "0315/122049", "correlationVector":"02Tuj3VI5c5z6cM6NaujpM.3","action":"GetUpdates Response", "result":"Success", "context":Received 1 update(s). cV=02Tuj3VI5c5z6cM6NaujpM.0;server=akswtt010000024;cloudType=Consumer;environment=Prod_southindia_prod-s01-004-apac-southindia;migrationStage=NotStarted}
{"logTime": "0315/122049", "correlationVector":"qxMvoKdZz2ewubq/txHejd","action":"Initial GetUpdates", "result":"", "context":Reason: NEWLY_SUPPORTED_DATATYPE. cV=qxMvoKdZz2ewubq/txHejd}
{"logTime": "0315/122054", "correlationVector":"qxMvoKdZz2ewubq/txHejd.1","action":"SyncServerConnectionManagerRequest", "result":"SYNC_SERVER_OK", "context":{"environment":"Prod_southindia_prod-s01-004-apac-southindia", "migrationStage":"NotStarted", "server":"akswtt010000041"}}
{"logTime": "0315/122054", "correlationVector":"qxMvoKdZz2ewubq/txHejd.2","action":"ProcessGetUpdates", "result":"Done", "context":{"dataType":"Preferences", "deleted":"0", "process_failed_to_decrypt":"0", "process_pending_decryption":"0", "process_success":"135", "total":"135"}}
{"logTime": "0315/122054", "correlationVector":"qxMvoKdZz2ewubq/txHejd.3","action":"ProcessGetUpdates", "result":"Done", "context":{"dataType":"Passwords", "deleted":"11", "process_failed_to_decrypt":"0", "process_pending_decryption":"0", "process_success":"80", "total":"80"}}
{"logTime": "0315/122054", "correlationVector":"qxMvoKdZz2ewubq/txHejd.4","action":"ProcessGetUpdates", "result":"Done", "context":{"dataType":"Device Info", "deleted":"0", "process_failed_to_decrypt":"0", "process_pending_decryption":"0", "process_success":"35", "total":"35"}}
{"logTime": "0315/122054", "correlationVector":"qxMvoKdZz2ewubq/txHejd.5","action":"GetUpdates Response", "result":"Success", "context":Received 250 update(s). cV=qxMvoKdZz2ewubq/txHejd.0;server=akswtt010000041;cloudType=Consumer;environment=Prod_southindia_prod-s01-004-apac-southindia;migrationStage=NotStarted Some updates remain.}
{"logTime": "0315/122054", "correlationVector":"TLQD8VaMbdRTzUffAbRr+W","action":"Initial GetUpdates", "result":"", "context":Reason: NEWLY_SUPPORTED_DATATYPE. cV=TLQD8VaMbdRTzUffAbRr+W}
{"logTime": "0315/122057", "correlationVector":"TLQD8VaMbdRTzUffAbRr+W.1","action":"SyncServerConnectionManagerRequest", "result":"SYNC_SERVER_OK", "context":{"environment":"Prod_southindia_prod-s01-004-apac-southindia", "migrationStage":"NotStarted", "server":"akswtt01000000u"}}
{"logTime": "0315/122057", "correlationVector":"TLQD8VaMbdRTzUffAbRr+W.2","action":"ProcessGetUpdates", "result":"Done", "context":{"dataType":"Preferences", "deleted":"0", "process_failed_to_decrypt":"0", "process_pending_decryption":"0", "process_success":"1", "total":"1"}}
{"logTime": "0315/122057", "correlationVector":"TLQD8VaMbdRTzUffAbRr+W.3","action":"ProcessGetUpdates", "result":"Done", "context":{"dataType":"Passwords", "deleted":"0", "process_failed_to_decrypt":"0", "process_pending_decryption":"0", "process_success":"126", "total":"126"}}
{"logTime": "0315/122057", "correlationVector":"TLQD8VaMbdRTzUffAbRr+W.4","action":"ProcessGetUpdates", "result":"Done", "context":{"dataType":"Device Info", "deleted":"0", "process_failed_to_decrypt":"0", "process_pending_decryption":"0", "process_success":"1", "total":"1"}}
{"logTime": "0315/122057", "correlationVector":"TLQD8VaMbdRTzUffAbRr+W.5","action":"GetUpdates Response", "result":"Success", "context":Received 128 update(s). cV=TLQD8VaMbdRTzUffAbRr+W.0;server=akswtt01000000u;cloudType=Consumer;environment=Prod_southindia_prod-s01-004-apac-southindia;migrationStage=NotStarted}
{"logTime": "0315/122057", "correlationVector":"IqaRekpEYz6jw43lybYPXF","action":"Initial GetUpdates", "result":"", "context":Reason: NEWLY_SUPPORTED_DATATYPE. cV=IqaRekpEYz6jw43lybYPXF}
{"logTime": "0315/122059", "correlationVector":"IqaRekpEYz6jw43lybYPXF.1","action":"SyncServerConnectionManagerRequest", "result":"SYNC_SERVER_OK", "context":{"environment":"Prod_southindia_prod-s01-004-apac-southindia", "migrationStage":"NotStarted", "server":"akswtt01000003d"}}
{"logTime": "0315/122059", "correlationVector":"IqaRekpEYz6jw43lybYPXF.2","action":"ProcessGetUpdates", "result":"Done", "context":{"dataType":"Bookmarks", "deleted":"22", "process_failed_to_decrypt":"0", "process_pending_decryption":"0", "process_success":"93", "total":"93"}}
{"logTime": "0315/122059", "correlationVector":"IqaRekpEYz6jw43lybYPXF.3","action":"GetUpdates Response", "result":"Success", "context":Received 93 update(s). cV=IqaRekpEYz6jw43lybYPXF.0;server=akswtt01000003d;cloudType=Consumer;environment=Prod_southindia_prod-s01-004-apac-southindia;migrationStage=NotStarted}
{"logTime": "0315/122059", "correlationVector":"Rpwt/f+ZI3DYi9TtxmXA4Q","action":"Initial GetUpdates", "result":"", "context":Reason: NEWLY_SUPPORTED_DATATYPE. cV=Rpwt/f+ZI3DYi9TtxmXA4Q}
{"logTime": "0315/122101", "correlationVector":"Rpwt/f+ZI3DYi9TtxmXA4Q.1","action":"SyncServerConnectionManagerRequest", "result":"SYNC_SERVER_OK", "context":{"environment":"Prod_southindia_prod-s01-004-apac-southindia", "migrationStage":"NotStarted", "server":"akswtt010000035"}}
{"logTime": "0315/122101", "correlationVector":"Rpwt/f+ZI3DYi9TtxmXA4Q.2","action":"ProcessGetUpdates", "result":"Done", "context":{"dataType":"Autofill", "deleted":"0", "process_failed_to_decrypt":"0", "process_pending_decryption":"0", "process_success":"219", "total":"219"}}
{"logTime": "0315/122101", "correlationVector":"Rpwt/f+ZI3DYi9TtxmXA4Q.3","action":"ProcessGetUpdates", "result":"Done", "context":{"dataType":"Extensions", "deleted":"0", "process_failed_to_decrypt":"0", "process_pending_decryption":"0", "process_success":"10", "total":"10"}}
{"logTime": "0315/122101", "correlationVector":"Rpwt/f+ZI3DYi9TtxmXA4Q.4","action":"ProcessGetUpdates", "result":"Done", "context":{"dataType":"Extension settings", "deleted":"0", "process_failed_to_decrypt":"0", "process_pending_decryption":"0", "process_success":"21", "total":"21"}}
{"logTime": "0315/122101", "correlationVector":"Rpwt/f+ZI3DYi9TtxmXA4Q.5","action":"GetUpdates Response", "result":"Success", "context":Received 250 update(s). cV=Rpwt/f+ZI3DYi9TtxmXA4Q.0;server=akswtt010000035;cloudType=Consumer;environment=Prod_southindia_prod-s01-004-apac-southindia;migrationStage=NotStarted Some updates remain.}
{"logTime": "0315/122101", "correlationVector":"SLn7mriIMf4f/5ir3hhDJC","action":"Initial GetUpdates", "result":"", "context":Reason: NEWLY_SUPPORTED_DATATYPE. cV=SLn7mriIMf4f/5ir3hhDJC}
{"logTime": "0315/122104", "correlationVector":"SLn7mriIMf4f/5ir3hhDJC.1","action":"SyncServerConnectionManagerRequest", "result":"SYNC_SERVER_OK", "context":{"environment":"Prod_southindia_prod-s01-004-apac-southindia", "migrationStage":"NotStarted", "server":"akswtt010000003"}}
{"logTime": "0315/122104", "correlationVector":"SLn7mriIMf4f/5ir3hhDJC.2","action":"ProcessGetUpdates", "result":"Done", "context":{"dataType":"Autofill", "deleted":"0", "process_failed_to_decrypt":"0", "process_pending_decryption":"0", "process_success":"69", "total":"69"}}
{"logTime": "0315/122104", "correlationVector":"SLn7mriIMf4f/5ir3hhDJC.3","action":"ProcessGetUpdates", "result":"Done", "context":{"dataType":"Extensions", "deleted":"0", "process_failed_to_decrypt":"0", "process_pending_decryption":"0", "process_success":"3", "total":"3"}}
{"logTime": "0315/122104", "correlationVector":"SLn7mriIMf4f/5ir3hhDJC.4","action":"ProcessGetUpdates", "result":"Done", "context":{"dataType":"Sessions", "deleted":"150", "process_failed_to_decrypt":"0", "process_pending_decryption":"0", "process_success":"150", "total":"150"}}
{"logTime": "0315/122104", "correlationVector":"SLn7mriIMf4f/5ir3hhDJC.5","action":"ProcessGetUpdates", "result":"Done", "context":{"dataType":"Extension settings", "deleted":"0", "process_failed_to_decrypt":"0", "process_pending_decryption":"0", "process_success":"21", "total":"21"}}
{"logTime": "0315/122104", "correlationVector":"SLn7mriIMf4f/5ir3hhDJC.6","action":"ProcessGetUpdates", "result":"Done", "context":{"dataType":"Edge Hub App Usage", "deleted":"7", "process_failed_to_decrypt":"0", "process_pending_decryption":"0", "process_success":"7", "total":"7"}}
{"logTime": "0315/122104", "correlationVector":"SLn7mriIMf4f/5ir3hhDJC.7","action":"GetUpdates Response", "result":"Success", "context":Received 250 update(s). cV=SLn7mriIMf4f/5ir3hhDJC.0;server=akswtt010000003;cloudType=Consumer;environment=Prod_southindia_prod-s01-004-apac-southindia;migrationStage=NotStarted Some updates remain.}
{"logTime": "0315/122104", "correlationVector":"CGPzvDS9o0V3M1ei/KbdO6","action":"Initial GetUpdates", "result":"", "context":Reason: NEWLY_SUPPORTED_DATATYPE. cV=CGPzvDS9o0V3M1ei/KbdO6}
{"logTime": "0315/122109", "correlationVector":"CGPzvDS9o0V3M1ei/KbdO6.1","action":"SyncServerConnectionManagerRequest", "result":"SYNC_SERVER_OK", "context":{"environment":"Prod_southindia_prod-s01-004-apac-southindia", "migrationStage":"NotStarted", "server":"akswtt010000004"}}
{"logTime": "0315/122109", "correlationVector":"CGPzvDS9o0V3M1ei/KbdO6.2","action":"ProcessGetUpdates", "result":"Done", "context":{"dataType":"Extensions", "deleted":"2", "process_failed_to_decrypt":"0", "process_pending_decryption":"0", "process_success":"3", "total":"3"}}
{"logTime": "0315/122109", "correlationVector":"CGPzvDS9o0V3M1ei/KbdO6.3","action":"ProcessGetUpdates", "result":"Done", "context":{"dataType":"Sessions", "deleted":"241", "process_failed_to_decrypt":"0", "process_pending_decryption":"0", "process_success":"241", "total":"241"}}
{"logTime": "0315/122109", "correlationVector":"CGPzvDS9o0V3M1ei/KbdO6.4","action":"ProcessGetUpdates", "result":"Done", "context":{"dataType":"Edge Hub App Usage", "deleted":"0", "process_failed_to_decrypt":"0", "process_pending_decryption":"0", "process_success":"3", "total":"3"}}
{"logTime": "0315/122109", "correlationVector":"CGPzvDS9o0V3M1ei/KbdO6.5","action":"ProcessGetUpdates", "result":"Done", "context":{"dataType":"Edge Tab Group", "deleted":"0", "process_failed_to_decrypt":"0", "process_pending_decryption":"0", "process_success":"3", "total":"3"}}
{"logTime": "0315/122109", "correlationVector":"CGPzvDS9o0V3M1ei/KbdO6.6","action":"GetUpdates Response", "result":"Success", "context":Received 250 update(s). cV=CGPzvDS9o0V3M1ei/KbdO6.0;server=akswtt010000004;cloudType=Consumer;environment=Prod_southindia_prod-s01-004-apac-southindia;migrationStage=NotStarted Some updates remain.}
{"logTime": "0315/122109", "correlationVector":"ehMni5WDwst4zEhc293ATV","action":"Initial GetUpdates", "result":"", "context":Reason: NEWLY_SUPPORTED_DATATYPE. cV=ehMni5WDwst4zEhc293ATV}
{"logTime": "0315/122133", "correlationVector":"ehMni5WDwst4zEhc293ATV.1","action":"SyncServerConnectionManagerRequest", "result":"SYNC_SERVER_OK", "context":{"environment":"Prod_southindia_prod-s01-004-apac-southindia", "migrationStage":"NotStarted", "server":"akswtt010000005"}}
{"logTime": "0315/122133", "correlationVector":"ehMni5WDwst4zEhc293ATV.2","action":"ProcessGetUpdates", "result":"Done", "context":{"dataType":"Autofill Profiles", "deleted":"2", "process_failed_to_decrypt":"0", "process_pending_decryption":"0", "process_success":"2", "total":"2"}}
{"logTime": "0315/122133", "correlationVector":"ehMni5WDwst4zEhc293ATV.3","action":"ProcessGetUpdates", "result":"Done", "context":{"dataType":"Extensions", "deleted":"0", "process_failed_to_decrypt":"0", "process_pending_decryption":"0", "process_success":"1", "total":"1"}}
{"logTime": "0315/122133", "correlationVector":"ehMni5WDwst4zEhc293ATV.4","action":"ProcessGetUpdates", "result":"Done", "context":{"dataType":"Sessions", "deleted":"246", "process_failed_to_decrypt":"0", "process_pending_decryption":"0", "process_success":"246", "total":"246"}}
{"logTime": "0315/122133", "correlationVector":"ehMni5WDwst4zEhc293ATV.5","action":"ProcessGetUpdates", "result":"Done", "context":{"dataType":"Edge Tab Group", "deleted":"1", "process_failed_to_decrypt":"0", "process_pending_decryption":"0", "process_success":"1", "total":"1"}}
{"logTime": "0315/122133", "correlationVector":"ehMni5WDwst4zEhc293ATV.6","action":"GetUpdates Response", "result":"Success", "context":Received 250 update(s). cV=ehMni5WDwst4zEhc293ATV.0;server=akswtt010000005;cloudType=Consumer;environment=Prod_southindia_prod-s01-004-apac-southindia;migrationStage=NotStarted Some updates remain.}
{"logTime": "0315/122133", "correlationVector":"cdCNxuPo33XHXe0v3HKe2V","action":"Initial GetUpdates", "result":"", "context":Reason: NEWLY_SUPPORTED_DATATYPE. cV=cdCNxuPo33XHXe0v3HKe2V}
{"logTime": "0315/122135", "correlationVector":"cdCNxuPo33XHXe0v3HKe2V.1","action":"SyncServerConnectionManagerRequest", "result":"SYNC_SERVER_OK", "context":{"environment":"Prod_southindia_prod-s01-004-apac-southindia", "migrationStage":"NotStarted", "server":"akswtt01000000v"}}
{"logTime": "0315/122135", "correlationVector":"cdCNxuPo33XHXe0v3HKe2V.2","action":"ProcessGetUpdates", "result":"Done", "context":{"dataType":"Extensions", "deleted":"0", "process_failed_to_decrypt":"0", "process_pending_decryption":"0", "process_success":"1", "total":"1"}}
{"logTime": "0315/122135", "correlationVector":"cdCNxuPo33XHXe0v3HKe2V.3","action":"ProcessGetUpdates", "result":"Done", "context":{"dataType":"Sessions", "deleted":"246", "process_failed_to_decrypt":"0", "process_pending_decryption":"0", "process_success":"246", "total":"246"}}
{"logTime": "0315/122135", "correlationVector":"cdCNxuPo33XHXe0v3HKe2V.4","action":"ProcessGetUpdates", "result":"Done", "context":{"dataType":"Edge Hub App Usage", "deleted":"1", "process_failed_to_decrypt":"0", "process_pending_decryption":"0", "process_success":"2", "total":"2"}}
{"logTime": "0315/122135", "correlationVector":"cdCNxuPo33XHXe0v3HKe2V.5","action":"ProcessGetUpdates", "result":"Done", "context":{"dataType":"Edge Tab Group", "deleted":"1", "process_failed_to_decrypt":"0", "process_pending_decryption":"0", "process_success":"1", "total":"1"}}
{"logTime": "0315/122135", "correlationVector":"cdCNxuPo33XHXe0v3HKe2V.6","action":"GetUpdates Response", "result":"Success", "context":Received 250 update(s). cV=cdCNxuPo33XHXe0v3HKe2V.0;server=akswtt01000000v;cloudType=Consumer;environment=Prod_southindia_prod-s01-004-apac-southindia;migrationStage=NotStarted Some updates remain.}
{"logTime": "0315/122135", "correlationVector":"BhF2nuhwWX2G0jRqW7c3TE","action":"Initial GetUpdates", "result":"", "context":Reason: NEWLY_SUPPORTED_DATATYPE. cV=BhF2nuhwWX2G0jRqW7c3TE}
{"logTime": "0315/122136", "correlationVector":"BhF2nuhwWX2G0jRqW7c3TE.1","action":"SyncServerConnectionManagerRequest", "result":"SYNC_SERVER_OK", "context":{"environment":"Prod_southindia_prod-s01-004-apac-southindia", "migrationStage":"NotStarted", "server":"akswtt01000003d"}}
{"logTime": "0315/122136", "correlationVector":"BhF2nuhwWX2G0jRqW7c3TE.2","action":"ProcessGetUpdates", "result":"Done", "context":{"dataType":"Sessions", "deleted":"246", "process_failed_to_decrypt":"0", "process_pending_decryption":"0", "process_success":"246", "total":"246"}}
{"logTime": "0315/122136", "correlationVector":"BhF2nuhwWX2G0jRqW7c3TE.3","action":"ProcessGetUpdates", "result":"Done", "context":{"dataType":"Edge Hub App Usage", "deleted":"4", "process_failed_to_decrypt":"0", "process_pending_decryption":"0", "process_success":"4", "total":"4"}}
{"logTime": "0315/122136", "correlationVector":"BhF2nuhwWX2G0jRqW7c3TE.4","action":"GetUpdates Response", "result":"Success", "context":Received 250 update(s). cV=BhF2nuhwWX2G0jRqW7c3TE.0;server=akswtt01000003d;cloudType=Consumer;environment=Prod_southindia_prod-s01-004-apac-southindia;migrationStage=NotStarted Some updates remain.}
{"logTime": "0315/122136", "correlationVector":"RM5sptOwWrtrvN8j0vjTB8","action":"Initial GetUpdates", "result":"", "context":Reason: NEWLY_SUPPORTED_DATATYPE. cV=RM5sptOwWrtrvN8j0vjTB8}
{"logTime": "0315/122138", "correlationVector":"RM5sptOwWrtrvN8j0vjTB8.1","action":"SyncServerConnectionManagerRequest", "result":"SYNC_SERVER_OK", "context":{"environment":"Prod_southindia_prod-s01-004-apac-southindia", "migrationStage":"NotStarted", "server":"akswtt010000041"}}
{"logTime": "0315/122138", "correlationVector":"RM5sptOwWrtrvN8j0vjTB8.2","action":"ProcessGetUpdates", "result":"Done", "context":{"dataType":"Sessions", "deleted":"245", "process_failed_to_decrypt":"0", "process_pending_decryption":"0", "process_success":"245", "total":"245"}}
{"logTime": "0315/122138", "correlationVector":"RM5sptOwWrtrvN8j0vjTB8.3","action":"ProcessGetUpdates", "result":"Done", "context":{"dataType":"Edge Hub App Usage", "deleted":"0", "process_failed_to_decrypt":"0", "process_pending_decryption":"0", "process_success":"5", "total":"5"}}
{"logTime": "0315/122138", "correlationVector":"RM5sptOwWrtrvN8j0vjTB8.4","action":"GetUpdates Response", "result":"Success", "context":Received 250 update(s). cV=RM5sptOwWrtrvN8j0vjTB8.0;server=akswtt010000041;cloudType=Consumer;environment=Prod_southindia_prod-s01-004-apac-southindia;migrationStage=NotStarted Some updates remain.}
{"logTime": "0315/122138", "correlationVector":"7hgH65Ak5VacjNBhT4QCCL","action":"Initial GetUpdates", "result":"", "context":Reason: NEWLY_SUPPORTED_DATATYPE. cV=7hgH65Ak5VacjNBhT4QCCL}
{"logTime": "0315/122139", "correlationVector":"7hgH65Ak5VacjNBhT4QCCL.1","action":"SyncServerConnectionManagerRequest", "result":"SYNC_SERVER_OK", "context":{"environment":"Prod_southindia_prod-s01-004-apac-southindia", "migrationStage":"NotStarted", "server":"akswtt01000001k"}}
{"logTime": "0315/122139", "correlationVector":"7hgH65Ak5VacjNBhT4QCCL.2","action":"ProcessGetUpdates", "result":"Done", "context":{"dataType":"Autofill Profiles", "deleted":"1", "process_failed_to_decrypt":"0", "process_pending_decryption":"0", "process_success":"1", "total":"1"}}
{"logTime": "0315/122139", "correlationVector":"7hgH65Ak5VacjNBhT4QCCL.3","action":"ProcessGetUpdates", "result":"Done", "context":{"dataType":"Extensions", "deleted":"0", "process_failed_to_decrypt":"0", "process_pending_decryption":"0", "process_success":"2", "total":"2"}}
{"logTime": "0315/122139", "correlationVector":"7hgH65Ak5VacjNBhT4QCCL.4","action":"ProcessGetUpdates", "result":"Done", "context":{"dataType":"Sessions", "deleted":"244", "process_failed_to_decrypt":"0", "process_pending_decryption":"0", "process_success":"244", "total":"244"}}
{"logTime": "0315/122139", "correlationVector":"7hgH65Ak5VacjNBhT4QCCL.5","action":"ProcessGetUpdates", "result":"Done", "context":{"dataType":"Edge Hub App Usage", "deleted":"0", "process_failed_to_decrypt":"0", "process_pending_decryption":"0", "process_success":"3", "total":"3"}}
{"logTime": "0315/122139", "correlationVector":"7hgH65Ak5VacjNBhT4QCCL.6","action":"GetUpdates Response", "result":"Success", "context":Received 250 update(s). cV=7hgH65Ak5VacjNBhT4QCCL.0;server=akswtt01000001k;cloudType=Consumer;environment=Prod_southindia_prod-s01-004-apac-southindia;migrationStage=NotStarted Some updates remain.}
{"logTime": "0315/122139", "correlationVector":"aTkI5PWYTEeuk50Clxjr9b","action":"Initial GetUpdates", "result":"", "context":Reason: NEWLY_SUPPORTED_DATATYPE. cV=aTkI5PWYTEeuk50Clxjr9b}
{"logTime": "0315/122140", "correlationVector":"aTkI5PWYTEeuk50Clxjr9b.1","action":"SyncServerConnectionManagerRequest", "result":"SYNC_SERVER_OK", "context":{"environment":"Prod_southindia_prod-s01-004-apac-southindia", "migrationStage":"NotStarted", "server":"akswtt010000041"}}
{"logTime": "0315/122140", "correlationVector":"aTkI5PWYTEeuk50Clxjr9b.2","action":"ProcessGetUpdates", "result":"Done", "context":{"dataType":"Sessions", "deleted":"250", "process_failed_to_decrypt":"0", "process_pending_decryption":"0", "process_success":"250", "total":"250"}}
{"logTime": "0315/122140", "correlationVector":"aTkI5PWYTEeuk50Clxjr9b.3","action":"GetUpdates Response", "result":"Success", "context":Received 250 update(s). cV=aTkI5PWYTEeuk50Clxjr9b.0;server=akswtt010000041;cloudType=Consumer;environment=Prod_southindia_prod-s01-004-apac-southindia;migrationStage=NotStarted Some updates remain.}
{"logTime": "0315/122140", "correlationVector":"NDk5Pkrg83HGbON99YNtxe","action":"Initial GetUpdates", "result":"", "context":Reason: NEWLY_SUPPORTED_DATATYPE. cV=NDk5Pkrg83HGbON99YNtxe}
{"logTime": "0315/122142", "correlationVector":"NDk5Pkrg83HGbON99YNtxe.1","action":"SyncServerConnectionManagerRequest", "result":"SYNC_SERVER_OK", "context":{"environment":"Prod_southindia_prod-s01-004-apac-southindia", "migrationStage":"NotStarted", "server":"akswtt010000041"}}
{"logTime": "0315/122142", "correlationVector":"NDk5Pkrg83HGbON99YNtxe.2","action":"ProcessGetUpdates", "result":"Done", "context":{"dataType":"Autofill", "deleted":"0", "process_failed_to_decrypt":"0", "process_pending_decryption":"0", "process_success":"1", "total":"1"}}
{"logTime": "0315/122142", "correlationVector":"NDk5Pkrg83HGbON99YNtxe.3","action":"ProcessGetUpdates", "result":"Done", "context":{"dataType":"Extensions", "deleted":"0", "process_failed_to_decrypt":"0", "process_pending_decryption":"0", "process_success":"1", "total":"1"}}
{"logTime": "0315/122142", "correlationVector":"NDk5Pkrg83HGbON99YNtxe.4","action":"ProcessGetUpdates", "result":"Done", "context":{"dataType":"Sessions", "deleted":"237", "process_failed_to_decrypt":"0", "process_pending_decryption":"0", "process_success":"237", "total":"237"}}
{"logTime": "0315/122142", "correlationVector":"NDk5Pkrg83HGbON99YNtxe.5","action":"ProcessGetUpdates", "result":"Done", "context":{"dataType":"Edge Hub App Usage", "deleted":"4", "process_failed_to_decrypt":"0", "process_pending_decryption":"0", "process_success":"9", "total":"9"}}
{"logTime": "0315/122142", "correlationVector":"NDk5Pkrg83HGbON99YNtxe.6","action":"ProcessGetUpdates", "result":"Done", "context":{"dataType":"Edge Tab Group", "deleted":"0", "process_failed_to_decrypt":"0", "process_pending_decryption":"0", "process_success":"2", "total":"2"}}
{"logTime": "0315/122142", "correlationVector":"NDk5Pkrg83HGbON99YNtxe.7","action":"GetUpdates Response", "result":"Success", "context":Received 250 update(s). cV=NDk5Pkrg83HGbON99YNtxe.0;server=akswtt010000041;cloudType=Consumer;environment=Prod_southindia_prod-s01-004-apac-southindia;migrationStage=NotStarted Some updates remain.}
{"logTime": "0315/122142", "correlationVector":"Els6Yb3HZSeHSTJv05Slb1","action":"Initial GetUpdates", "result":"", "context":Reason: NEWLY_SUPPORTED_DATATYPE. cV=Els6Yb3HZSeHSTJv05Slb1}
{"logTime": "0315/122144", "correlationVector":"Els6Yb3HZSeHSTJv05Slb1.1","action":"SyncServerConnectionManagerRequest", "result":"SYNC_SERVER_OK", "context":{"environment":"Prod_southindia_prod-s01-004-apac-southindia", "migrationStage":"NotStarted", "server":"akswtt010000021"}}
{"logTime": "0315/122144", "correlationVector":"Els6Yb3HZSeHSTJv05Slb1.2","action":"ProcessGetUpdates", "result":"Done", "context":{"dataType":"Extensions", "deleted":"0", "process_failed_to_decrypt":"0", "process_pending_decryption":"0", "process_success":"2", "total":"2"}}
{"logTime": "0315/122144", "correlationVector":"Els6Yb3HZSeHSTJv05Slb1.3","action":"ProcessGetUpdates", "result":"Done", "context":{"dataType":"Sessions", "deleted":"239", "process_failed_to_decrypt":"0", "process_pending_decryption":"0", "process_success":"239", "total":"239"}}
{"logTime": "0315/122144", "correlationVector":"Els6Yb3HZSeHSTJv05Slb1.4","action":"ProcessGetUpdates", "result":"Done", "context":{"dataType":"Edge Hub App Usage", "deleted":"4", "process_failed_to_decrypt":"0", "process_pending_decryption":"0", "process_success":"4", "total":"4"}}
{"logTime": "0315/122144", "correlationVector":"Els6Yb3HZSeHSTJv05Slb1.5","action":"ProcessGetUpdates", "result":"Done", "context":{"dataType":"Edge Tab Group", "deleted":"1", "process_failed_to_decrypt":"0", "process_pending_decryption":"0", "process_success":"5", "total":"5"}}
{"logTime": "0315/122144", "correlationVector":"Els6Yb3HZSeHSTJv05Slb1.6","action":"GetUpdates Response", "result":"Success", "context":Received 250 update(s). cV=Els6Yb3HZSeHSTJv05Slb1.0;server=akswtt010000021;cloudType=Consumer;environment=Prod_southindia_prod-s01-004-apac-southindia;migrationStage=NotStarted Some updates remain.}
{"logTime": "0315/122144", "correlationVector":"jLj44dpuMPupNsaPfgGN/4","action":"Initial GetUpdates", "result":"", "context":Reason: NEWLY_SUPPORTED_DATATYPE. cV=jLj44dpuMPupNsaPfgGN/4}
{"logTime": "0315/122145", "correlationVector":"jLj44dpuMPupNsaPfgGN/4.1","action":"SyncServerConnectionManagerRequest", "result":"SYNC_SERVER_OK", "context":{"environment":"Prod_southindia_prod-s01-004-apac-southindia", "migrationStage":"NotStarted", "server":"akswtt01000002l"}}
{"logTime": "0315/122145", "correlationVector":"jLj44dpuMPupNsaPfgGN/4.2","action":"ProcessGetUpdates", "result":"Done", "context":{"dataType":"Autofill Profiles", "deleted":"1", "process_failed_to_decrypt":"0", "process_pending_decryption":"0", "process_success":"1", "total":"1"}}
{"logTime": "0315/122145", "correlationVector":"jLj44dpuMPupNsaPfgGN/4.3","action":"ProcessGetUpdates", "result":"Done", "context":{"dataType":"Sessions", "deleted":"245", "process_failed_to_decrypt":"0", "process_pending_decryption":"0", "process_success":"245", "total":"245"}}
{"logTime": "0315/122145", "correlationVector":"jLj44dpuMPupNsaPfgGN/4.4","action":"ProcessGetUpdates", "result":"Done", "context":{"dataType":"Edge Hub App Usage", "deleted":"0", "process_failed_to_decrypt":"0", "process_pending_decryption":"0", "process_success":"3", "total":"3"}}
{"logTime": "0315/122145", "correlationVector":"jLj44dpuMPupNsaPfgGN/4.5","action":"ProcessGetUpdates", "result":"Done", "context":{"dataType":"Edge Tab Group", "deleted":"0", "process_failed_to_decrypt":"0", "process_pending_decryption":"0", "process_success":"1", "total":"1"}}
{"logTime": "0315/122145", "correlationVector":"jLj44dpuMPupNsaPfgGN/4.6","action":"GetUpdates Response", "result":"Success", "context":Received 250 update(s). cV=jLj44dpuMPupNsaPfgGN/4.0;server=akswtt01000002l;cloudType=Consumer;environment=Prod_southindia_prod-s01-004-apac-southindia;migrationStage=NotStarted Some updates remain.}
{"logTime": "0315/122145", "correlationVector":"9+QTNkMhgPIEbqfpnsBKZU","action":"Initial GetUpdates", "result":"", "context":Reason: NEWLY_SUPPORTED_DATATYPE. cV=9+QTNkMhgPIEbqfpnsBKZU}
{"logTime": "0315/122147", "correlationVector":"9+QTNkMhgPIEbqfpnsBKZU.1","action":"SyncServerConnectionManagerRequest", "result":"SYNC_SERVER_OK", "context":{"environment":"Prod_southindia_prod-s01-004-apac-southindia", "migrationStage":"NotStarted", "server":"akswtt010000005"}}
{"logTime": "0315/122147", "correlationVector":"9+QTNkMhgPIEbqfpnsBKZU.2","action":"ProcessGetUpdates", "result":"Done", "context":{"dataType":"Autofill Profiles", "deleted":"6", "process_failed_to_decrypt":"0", "process_pending_decryption":"0", "process_success":"6", "total":"6"}}
{"logTime": "0315/122147", "correlationVector":"9+QTNkMhgPIEbqfpnsBKZU.3","action":"ProcessGetUpdates", "result":"Done", "context":{"dataType":"Sessions", "deleted":"236", "process_failed_to_decrypt":"0", "process_pending_decryption":"0", "process_success":"236", "total":"236"}}
{"logTime": "0315/122147", "correlationVector":"9+QTNkMhgPIEbqfpnsBKZU.4","action":"ProcessGetUpdates", "result":"Done", "context":{"dataType":"Edge Hub App Usage", "deleted":"8", "process_failed_to_decrypt":"0", "process_pending_decryption":"0", "process_success":"8", "total":"8"}}
{"logTime": "0315/122147", "correlationVector":"9+QTNkMhgPIEbqfpnsBKZU.5","action":"GetUpdates Response", "result":"Success", "context":Received 250 update(s). cV=9+QTNkMhgPIEbqfpnsBKZU.0;server=akswtt010000005;cloudType=Consumer;environment=Prod_southindia_prod-s01-004-apac-southindia;migrationStage=NotStarted Some updates remain.}
{"logTime": "0315/122147", "correlationVector":"dF/crCg+rKRssh86QZBYO4","action":"Initial GetUpdates", "result":"", "context":Reason: NEWLY_SUPPORTED_DATATYPE. cV=dF/crCg+rKRssh86QZBYO4}
{"logTime": "0315/122148", "correlationVector":"dF/crCg+rKRssh86QZBYO4.1","action":"SyncServerConnectionManagerRequest", "result":"SYNC_SERVER_OK", "context":{"environment":"Prod_southindia_prod-s01-004-apac-southindia", "migrationStage":"NotStarted", "server":"akswtt01000001q"}}
{"logTime": "0315/122148", "correlationVector":"dF/crCg+rKRssh86QZBYO4.2","action":"ProcessGetUpdates", "result":"Done", "context":{"dataType":"Extensions", "deleted":"0", "process_failed_to_decrypt":"0", "process_pending_decryption":"0", "process_success":"1", "total":"1"}}
{"logTime": "0315/122148", "correlationVector":"dF/crCg+rKRssh86QZBYO4.3","action":"ProcessGetUpdates", "result":"Done", "context":{"dataType":"Sessions", "deleted":"244", "process_failed_to_decrypt":"0", "process_pending_decryption":"0", "process_success":"244", "total":"244"}}
{"logTime": "0315/122148", "correlationVector":"dF/crCg+rKRssh86QZBYO4.4","action":"ProcessGetUpdates", "result":"Done", "context":{"dataType":"Edge Hub App Usage", "deleted":"4", "process_failed_to_decrypt":"0", "process_pending_decryption":"0", "process_success":"4", "total":"4"}}
{"logTime": "0315/122148", "correlationVector":"dF/crCg+rKRssh86QZBYO4.5","action":"ProcessGetUpdates", "result":"Done", "context":{"dataType":"Edge Tab Group", "deleted":"1", "process_failed_to_decrypt":"0", "process_pending_decryption":"0", "process_success":"1", "total":"1"}}
{"logTime": "0315/122148", "correlationVector":"dF/crCg+rKRssh86QZBYO4.6","action":"GetUpdates Response", "result":"Success", "context":Received 250 update(s). cV=dF/crCg+rKRssh86QZBYO4.0;server=akswtt01000001q;cloudType=Consumer;environment=Prod_southindia_prod-s01-004-apac-southindia;migrationStage=NotStarted Some updates remain.}
{"logTime": "0315/122148", "correlationVector":"kfbg3rH9KWUJN49JhEaOE0","action":"Initial GetUpdates", "result":"", "context":Reason: NEWLY_SUPPORTED_DATATYPE. cV=kfbg3rH9KWUJN49JhEaOE0}
{"logTime": "0315/122149", "correlationVector":"kfbg3rH9KWUJN49JhEaOE0.1","action":"SyncServerConnectionManagerRequest", "result":"SYNC_SERVER_OK", "context":{"environment":"Prod_southindia_prod-s01-004-apac-southindia", "migrationStage":"NotStarted", "server":"akswtt01000003k"}}
{"logTime": "0315/122149", "correlationVector":"kfbg3rH9KWUJN49JhEaOE0.2","action":"ProcessGetUpdates", "result":"Done", "context":{"dataType":"Sessions", "deleted":"246", "process_failed_to_decrypt":"0", "process_pending_decryption":"0", "process_success":"248", "total":"248"}}
{"logTime": "0315/122149", "correlationVector":"kfbg3rH9KWUJN49JhEaOE0.3","action":"ProcessGetUpdates", "result":"Done", "context":{"dataType":"Edge Hub App Usage", "deleted":"0", "process_failed_to_decrypt":"0", "process_pending_decryption":"0", "process_success":"1", "total":"1"}}
{"logTime": "0315/122149", "correlationVector":"kfbg3rH9KWUJN49JhEaOE0.4","action":"ProcessGetUpdates", "result":"Done", "context":{"dataType":"Edge Tab Group", "deleted":"0", "process_failed_to_decrypt":"0", "process_pending_decryption":"0", "process_success":"1", "total":"1"}}
{"logTime": "0315/122149", "correlationVector":"kfbg3rH9KWUJN49JhEaOE0.5","action":"GetUpdates Response", "result":"Success", "context":Received 250 update(s). cV=kfbg3rH9KWUJN49JhEaOE0.0;server=akswtt01000003k;cloudType=Consumer;environment=Prod_southindia_prod-s01-004-apac-southindia;migrationStage=NotStarted Some updates remain.}
{"logTime": "0315/122149", "correlationVector":"raYCcRuaoIOW79a+KFz9Hj","action":"Initial GetUpdates", "result":"", "context":Reason: NEWLY_SUPPORTED_DATATYPE. cV=raYCcRuaoIOW79a+KFz9Hj}
{"logTime": "0315/122150", "correlationVector":"raYCcRuaoIOW79a+KFz9Hj.1","action":"SyncServerConnectionManagerRequest", "result":"SYNC_SERVER_OK", "context":{"environment":"Prod_southindia_prod-s01-004-apac-southindia", "migrationStage":"NotStarted", "server":"akswtt010000025"}}
{"logTime": "0315/122150", "correlationVector":"raYCcRuaoIOW79a+KFz9Hj.2","action":"ProcessGetUpdates", "result":"Done", "context":{"dataType":"Autofill Profiles", "deleted":"0", "process_failed_to_decrypt":"0", "process_pending_decryption":"0", "process_success":"83", "total":"83"}}
{"logTime": "0315/122150", "correlationVector":"raYCcRuaoIOW79a+KFz9Hj.3","action":"ProcessGetUpdates", "result":"Done", "context":{"dataType":"Autofill", "deleted":"0", "process_failed_to_decrypt":"0", "process_pending_decryption":"0", "process_success":"77", "total":"77"}}
{"logTime": "0315/122150", "correlationVector":"raYCcRuaoIOW79a+KFz9Hj.4","action":"ProcessGetUpdates", "result":"Done", "context":{"dataType":"Extensions", "deleted":"3", "process_failed_to_decrypt":"0", "process_pending_decryption":"0", "process_success":"4", "total":"4"}}
{"logTime": "0315/122150", "correlationVector":"raYCcRuaoIOW79a+KFz9Hj.5","action":"ProcessGetUpdates", "result":"Done", "context":{"dataType":"Sessions", "deleted":"77", "process_failed_to_decrypt":"0", "process_pending_decryption":"0", "process_success":"77", "total":"77"}}
{"logTime": "0315/122150", "correlationVector":"raYCcRuaoIOW79a+KFz9Hj.6","action":"ProcessGetUpdates", "result":"Done", "context":{"dataType":"Extension settings", "deleted":"3", "process_failed_to_decrypt":"0", "process_pending_decryption":"0", "process_success":"4", "total":"4"}}
{"logTime": "0315/122150", "correlationVector":"raYCcRuaoIOW79a+KFz9Hj.7","action":"ProcessGetUpdates", "result":"Done", "context":{"dataType":"Edge Hub App Usage", "deleted":"0", "process_failed_to_decrypt":"0", "process_pending_decryption":"0", "process_success":"2", "total":"2"}}
{"logTime": "0315/122150", "correlationVector":"raYCcRuaoIOW79a+KFz9Hj.8","action":"ProcessGetUpdates", "result":"Done", "context":{"dataType":"Edge Tab Group", "deleted":"2", "process_failed_to_decrypt":"0", "process_pending_decryption":"0", "process_success":"3", "total":"3"}}
{"logTime": "0315/122150", "correlationVector":"raYCcRuaoIOW79a+KFz9Hj.9","action":"GetUpdates Response", "result":"Success", "context":Received 250 update(s). cV=raYCcRuaoIOW79a+KFz9Hj.0;server=akswtt010000025;cloudType=Consumer;environment=Prod_southindia_prod-s01-004-apac-southindia;migrationStage=NotStarted Some updates remain.}
{"logTime": "0315/122150", "correlationVector":"5zuisZDvKxyHUWkl0vTTDk","action":"Initial GetUpdates", "result":"", "context":Reason: NEWLY_SUPPORTED_DATATYPE. cV=5zuisZDvKxyHUWkl0vTTDk}
{"logTime": "0315/122150", "correlationVector":"5zuisZDvKxyHUWkl0vTTDk.1","action":"SyncServerConnectionManagerRequest", "result":"SYNC_SERVER_OK", "context":{"environment":"Prod_southindia_prod-s01-004-apac-southindia", "migrationStage":"NotStarted", "server":"akswtt01000003v"}}
{"logTime": "0315/122150", "correlationVector":"5zuisZDvKxyHUWkl0vTTDk.2","action":"ProcessGetUpdates", "result":"Done", "context":{"dataType":"Autofill", "deleted":"0", "process_failed_to_decrypt":"0", "process_pending_decryption":"0", "process_success":"250", "total":"250"}}
{"logTime": "0315/122150", "correlationVector":"5zuisZDvKxyHUWkl0vTTDk.3","action":"GetUpdates Response", "result":"Success", "context":Received 250 update(s). cV=5zuisZDvKxyHUWkl0vTTDk.0;server=akswtt01000003v;cloudType=Consumer;environment=Prod_southindia_prod-s01-004-apac-southindia;migrationStage=NotStarted Some updates remain.}
{"logTime": "0315/122150", "correlationVector":"p8pXTGsc4wBP2fiK8CCUmd","action":"Initial GetUpdates", "result":"", "context":Reason: NEWLY_SUPPORTED_DATATYPE. cV=p8pXTGsc4wBP2fiK8CCUmd}
{"logTime": "0315/122151", "correlationVector":"p8pXTGsc4wBP2fiK8CCUmd.1","action":"SyncServerConnectionManagerRequest", "result":"SYNC_SERVER_OK", "context":{"environment":"Prod_southindia_prod-s01-004-apac-southindia", "migrationStage":"NotStarted", "server":"akswtt010000013"}}
{"logTime": "0315/122151", "correlationVector":"p8pXTGsc4wBP2fiK8CCUmd.2","action":"ProcessGetUpdates", "result":"Done", "context":{"dataType":"Autofill", "deleted":"0", "process_failed_to_decrypt":"0", "process_pending_decryption":"0", "process_success":"250", "total":"250"}}
{"logTime": "0315/122151", "correlationVector":"p8pXTGsc4wBP2fiK8CCUmd.3","action":"GetUpdates Response", "result":"Success", "context":Received 250 update(s). cV=p8pXTGsc4wBP2fiK8CCUmd.0;server=akswtt010000013;cloudType=Consumer;environment=Prod_southindia_prod-s01-004-apac-southindia;migrationStage=NotStarted Some updates remain.}
{"logTime": "0315/122151", "correlationVector":"UyxGqrtxndTRKmAvfEYcLD","action":"Initial GetUpdates", "result":"", "context":Reason: NEWLY_SUPPORTED_DATATYPE. cV=UyxGqrtxndTRKmAvfEYcLD}
{"logTime": "0315/122153", "correlationVector":"UyxGqrtxndTRKmAvfEYcLD.1","action":"SyncServerConnectionManagerRequest", "result":"SYNC_SERVER_OK", "context":{"environment":"Prod_southindia_prod-s01-004-apac-southindia", "migrationStage":"NotStarted", "server":"akswtt010000041"}}
{"logTime": "0315/122153", "correlationVector":"UyxGqrtxndTRKmAvfEYcLD.2","action":"ProcessGetUpdates", "result":"Done", "context":{"dataType":"Autofill", "deleted":"0", "process_failed_to_decrypt":"0", "process_pending_decryption":"0", "process_success":"250", "total":"250"}}
{"logTime": "0315/122153", "correlationVector":"UyxGqrtxndTRKmAvfEYcLD.3","action":"GetUpdates Response", "result":"Success", "context":Received 250 update(s). cV=UyxGqrtxndTRKmAvfEYcLD.0;server=akswtt010000041;cloudType=Consumer;environment=Prod_southindia_prod-s01-004-apac-southindia;migrationStage=NotStarted Some updates remain.}
{"logTime": "0315/122153", "correlationVector":"RwhYjYK34GvU1QuTyQDqo2","action":"Initial GetUpdates", "result":"", "context":Reason: NEWLY_SUPPORTED_DATATYPE. cV=RwhYjYK34GvU1QuTyQDqo2}
{"logTime": "0315/122154", "correlationVector":"RwhYjYK34GvU1QuTyQDqo2.1","action":"SyncServerConnectionManagerRequest", "result":"SYNC_SERVER_OK", "context":{"environment":"Prod_southindia_prod-s01-004-apac-southindia", "migrationStage":"NotStarted", "server":"akswtt01000002o"}}
{"logTime": "0315/122154", "correlationVector":"RwhYjYK34GvU1QuTyQDqo2.2","action":"ProcessGetUpdates", "result":"Done", "context":{"dataType":"Autofill", "deleted":"0", "process_failed_to_decrypt":"0", "process_pending_decryption":"0", "process_success":"250", "total":"250"}}
{"logTime": "0315/122154", "correlationVector":"RwhYjYK34GvU1QuTyQDqo2.3","action":"GetUpdates Response", "result":"Success", "context":Received 250 update(s). cV=RwhYjYK34GvU1QuTyQDqo2.0;server=akswtt01000002o;cloudType=Consumer;environment=Prod_southindia_prod-s01-004-apac-southindia;migrationStage=NotStarted Some updates remain.}
{"logTime": "0315/122154", "correlationVector":"IX9lXTlh6Frr0SkL1fQ9Uo","action":"Initial GetUpdates", "result":"", "context":Reason: NEWLY_SUPPORTED_DATATYPE. cV=IX9lXTlh6Frr0SkL1fQ9Uo}
{"logTime": "0315/122155", "correlationVector":"IX9lXTlh6Frr0SkL1fQ9Uo.1","action":"SyncServerConnectionManagerRequest", "result":"SYNC_SERVER_OK", "context":{"environment":"Prod_southindia_prod-s01-004-apac-southindia", "migrationStage":"NotStarted", "server":"akswtt010000004"}}
{"logTime": "0315/122155", "correlationVector":"IX9lXTlh6Frr0SkL1fQ9Uo.2","action":"ProcessGetUpdates", "result":"Done", "context":{"dataType":"Autofill", "deleted":"0", "process_failed_to_decrypt":"0", "process_pending_decryption":"0", "process_success":"244", "total":"244"}}
{"logTime": "0315/122155", "correlationVector":"IX9lXTlh6Frr0SkL1fQ9Uo.3","action":"ProcessGetUpdates", "result":"Done", "context":{"dataType":"Sessions", "deleted":"5", "process_failed_to_decrypt":"0", "process_pending_decryption":"0", "process_success":"5", "total":"5"}}
{"logTime": "0315/122155", "correlationVector":"IX9lXTlh6Frr0SkL1fQ9Uo.4","action":"ProcessGetUpdates", "result":"Done", "context":{"dataType":"Extension settings", "deleted":"0", "process_failed_to_decrypt":"0", "process_pending_decryption":"0", "process_success":"1", "total":"1"}}
{"logTime": "0315/122155", "correlationVector":"IX9lXTlh6Frr0SkL1fQ9Uo.5","action":"GetUpdates Response", "result":"Success", "context":Received 250 update(s). cV=IX9lXTlh6Frr0SkL1fQ9Uo.0;server=akswtt010000004;cloudType=Consumer;environment=Prod_southindia_prod-s01-004-apac-southindia;migrationStage=NotStarted Some updates remain.}
{"logTime": "0315/122155", "correlationVector":"ZDuuIJBxyxOm4lfgNAcRVs","action":"Initial GetUpdates", "result":"", "context":Reason: NEWLY_SUPPORTED_DATATYPE. cV=ZDuuIJBxyxOm4lfgNAcRVs}
{"logTime": "0315/122155", "correlationVector":"ZDuuIJBxyxOm4lfgNAcRVs.1","action":"SyncServerConnectionManagerRequest", "result":"SYNC_SERVER_OK", "context":{"environment":"Prod_southindia_prod-s01-004-apac-southindia", "migrationStage":"NotStarted", "server":"akswtt01000000u"}}
{"logTime": "0315/122155", "correlationVector":"ZDuuIJBxyxOm4lfgNAcRVs.2","action":"ProcessGetUpdates", "result":"Done", "context":{"dataType":"Sessions", "deleted":"6", "process_failed_to_decrypt":"0", "process_pending_decryption":"0", "process_success":"9", "total":"9"}}
{"logTime": "0315/122155", "correlationVector":"ZDuuIJBxyxOm4lfgNAcRVs.3","action":"GetUpdates Response", "result":"Success", "context":Received 9 update(s). cV=ZDuuIJBxyxOm4lfgNAcRVs.0;server=akswtt01000000u;cloudType=Consumer;environment=Prod_southindia_prod-s01-004-apac-southindia;migrationStage=NotStarted}
{"logTime": "0315/122155", "correlationVector":"/H6zEuGO+kST15X2cYwj/Z","action":"Initial GetUpdates", "result":"", "context":Reason: NEWLY_SUPPORTED_DATATYPE. cV=/H6zEuGO+kST15X2cYwj/Z}
{"logTime": "0315/122156", "correlationVector":"/H6zEuGO+kST15X2cYwj/Z.1","action":"SyncServerConnectionManagerRequest", "result":"SYNC_SERVER_OK", "context":{"environment":"Prod_southindia_prod-s01-004-apac-southindia", "migrationStage":"NotStarted", "server":"akswtt01000001q"}}
{"logTime": "0315/122156", "correlationVector":"/H6zEuGO+kST15X2cYwj/Z.2","action":"ProcessGetUpdates", "result":"Done", "context":{"dataType":"History", "deleted":"0", "process_failed_to_decrypt":"0", "process_pending_decryption":"0", "process_success":"250", "total":"250"}}
{"logTime": "0315/122156", "correlationVector":"/H6zEuGO+kST15X2cYwj/Z.3","action":"GetUpdates Response", "result":"Success", "context":Received 250 update(s). cV=/H6zEuGO+kST15X2cYwj/Z.0;server=akswtt01000001q;cloudType=Consumer;environment=Prod_southindia_prod-s01-004-apac-southindia;migrationStage=NotStarted Some updates remain.}
{"logTime": "0315/122156", "correlationVector":"fKsWVUxu1RDEKl/itP7Zed","action":"Initial GetUpdates", "result":"", "context":Reason: NEWLY_SUPPORTED_DATATYPE. cV=fKsWVUxu1RDEKl/itP7Zed}
{"logTime": "0315/122157", "correlationVector":"fKsWVUxu1RDEKl/itP7Zed.1","action":"SyncServerConnectionManagerRequest", "result":"SYNC_SERVER_OK", "context":{"environment":"Prod_southindia_prod-s01-004-apac-southindia", "migrationStage":"NotStarted", "server":"akswtt010000013"}}
{"logTime": "0315/122157", "correlationVector":"fKsWVUxu1RDEKl/itP7Zed.2","action":"ProcessGetUpdates", "result":"Done", "context":{"dataType":"History", "deleted":"0", "process_failed_to_decrypt":"0", "process_pending_decryption":"0", "process_success":"250", "total":"250"}}
{"logTime": "0315/122157", "correlationVector":"fKsWVUxu1RDEKl/itP7Zed.3","action":"GetUpdates Response", "result":"Success", "context":Received 250 update(s). cV=fKsWVUxu1RDEKl/itP7Zed.0;server=akswtt010000013;cloudType=Consumer;environment=Prod_southindia_prod-s01-004-apac-southindia;migrationStage=NotStarted Some updates remain.}
{"logTime": "0315/122157", "correlationVector":"NQBq/N/mb8ls848jzsKE/Z","action":"Initial GetUpdates", "result":"", "context":Reason: NEWLY_SUPPORTED_DATATYPE. cV=NQBq/N/mb8ls848jzsKE/Z}
{"logTime": "0315/122158", "correlationVector":"NQBq/N/mb8ls848jzsKE/Z.1","action":"SyncServerConnectionManagerRequest", "result":"SYNC_SERVER_OK", "context":{"environment":"Prod_southindia_prod-s01-004-apac-southindia", "migrationStage":"NotStarted", "server":"akswtt01000002o"}}
{"logTime": "0315/122158", "correlationVector":"NQBq/N/mb8ls848jzsKE/Z.2","action":"ProcessGetUpdates", "result":"Done", "context":{"dataType":"History", "deleted":"0", "process_failed_to_decrypt":"0", "process_pending_decryption":"0", "process_success":"250", "total":"250"}}
{"logTime": "0315/122158", "correlationVector":"NQBq/N/mb8ls848jzsKE/Z.3","action":"GetUpdates Response", "result":"Success", "context":Received 250 update(s). cV=NQBq/N/mb8ls848jzsKE/Z.0;server=akswtt01000002o;cloudType=Consumer;environment=Prod_southindia_prod-s01-004-apac-southindia;migrationStage=NotStarted Some updates remain.}
{"logTime": "0315/122158", "correlationVector":"ylPikXAo7TsCfr4PPJrxAp","action":"Initial GetUpdates", "result":"", "context":Reason: NEWLY_SUPPORTED_DATATYPE. cV=ylPikXAo7TsCfr4PPJrxAp}
{"logTime": "0315/122158", "correlationVector":"ylPikXAo7TsCfr4PPJrxAp.1","action":"SyncServerConnectionManagerRequest", "result":"SYNC_SERVER_OK", "context":{"environment":"Prod_southindia_prod-s01-004-apac-southindia", "migrationStage":"NotStarted", "server":"akswtt01000000m"}}
{"logTime": "0315/122158", "correlationVector":"ylPikXAo7TsCfr4PPJrxAp.2","action":"ProcessGetUpdates", "result":"Done", "context":{"dataType":"History", "deleted":"0", "process_failed_to_decrypt":"0", "process_pending_decryption":"0", "process_success":"250", "total":"250"}}
{"logTime": "0315/122158", "correlationVector":"ylPikXAo7TsCfr4PPJrxAp.3","action":"GetUpdates Response", "result":"Success", "context":Received 250 update(s). cV=ylPikXAo7TsCfr4PPJrxAp.0;server=akswtt01000000m;cloudType=Consumer;environment=Prod_southindia_prod-s01-004-apac-southindia;migrationStage=NotStarted Some updates remain.}
{"logTime": "0315/122158", "correlationVector":"IDPJQ2rbrcBO0JmkIIzg5p","action":"Initial GetUpdates", "result":"", "context":Reason: NEWLY_SUPPORTED_DATATYPE. cV=IDPJQ2rbrcBO0JmkIIzg5p}
{"logTime": "0315/122159", "correlationVector":"IDPJQ2rbrcBO0JmkIIzg5p.1","action":"SyncServerConnectionManagerRequest", "result":"SYNC_SERVER_OK", "context":{"environment":"Prod_southindia_prod-s01-004-apac-southindia", "migrationStage":"NotStarted", "server":"akswtt010000033"}}
{"logTime": "0315/122159", "correlationVector":"IDPJQ2rbrcBO0JmkIIzg5p.2","action":"ProcessGetUpdates", "result":"Done", "context":{"dataType":"History", "deleted":"0", "process_failed_to_decrypt":"0", "process_pending_decryption":"0", "process_success":"250", "total":"250"}}
{"logTime": "0315/122159", "correlationVector":"IDPJQ2rbrcBO0JmkIIzg5p.3","action":"GetUpdates Response", "result":"Success", "context":Received 250 update(s). cV=IDPJQ2rbrcBO0JmkIIzg5p.0;server=akswtt010000033;cloudType=Consumer;environment=Prod_southindia_prod-s01-004-apac-southindia;migrationStage=NotStarted Some updates remain.}
{"logTime": "0315/122159", "correlationVector":"BCKQxwZDaJPXA9fhh5PdwL","action":"Initial GetUpdates", "result":"", "context":Reason: NEWLY_SUPPORTED_DATATYPE. cV=BCKQxwZDaJPXA9fhh5PdwL}
{"logTime": "0315/122200", "correlationVector":"BCKQxwZDaJPXA9fhh5PdwL.1","action":"SyncServerConnectionManagerRequest", "result":"SYNC_SERVER_OK", "context":{"environment":"Prod_southindia_prod-s01-004-apac-southindia", "migrationStage":"NotStarted", "server":"akswtt010000005"}}
{"logTime": "0315/122200", "correlationVector":"BCKQxwZDaJPXA9fhh5PdwL.2","action":"ProcessGetUpdates", "result":"Done", "context":{"dataType":"History", "deleted":"0", "process_failed_to_decrypt":"0", "process_pending_decryption":"0", "process_success":"250", "total":"250"}}
{"logTime": "0315/122200", "correlationVector":"BCKQxwZDaJPXA9fhh5PdwL.3","action":"GetUpdates Response", "result":"Success", "context":Received 250 update(s). cV=BCKQxwZDaJPXA9fhh5PdwL.0;server=akswtt010000005;cloudType=Consumer;environment=Prod_southindia_prod-s01-004-apac-southindia;migrationStage=NotStarted Some updates remain.}
{"logTime": "0315/122200", "correlationVector":"bIX1fFg/qXeEtqBzk5A+Rm","action":"Initial GetUpdates", "result":"", "context":Reason: NEWLY_SUPPORTED_DATATYPE. cV=bIX1fFg/qXeEtqBzk5A+Rm}
{"logTime": "0315/122201", "correlationVector":"bIX1fFg/qXeEtqBzk5A+Rm.1","action":"SyncServerConnectionManagerRequest", "result":"SYNC_SERVER_OK", "context":{"environment":"Prod_southindia_prod-s01-004-apac-southindia", "migrationStage":"NotStarted", "server":"akswtt01000000l"}}
{"logTime": "0315/122201", "correlationVector":"bIX1fFg/qXeEtqBzk5A+Rm.2","action":"ProcessGetUpdates", "result":"Done", "context":{"dataType":"History", "deleted":"0", "process_failed_to_decrypt":"0", "process_pending_decryption":"0", "process_success":"250", "total":"250"}}
{"logTime": "0315/122201", "correlationVector":"bIX1fFg/qXeEtqBzk5A+Rm.3","action":"GetUpdates Response", "result":"Success", "context":Received 250 update(s). cV=bIX1fFg/qXeEtqBzk5A+Rm.0;server=akswtt01000000l;cloudType=Consumer;environment=Prod_southindia_prod-s01-004-apac-southindia;migrationStage=NotStarted Some updates remain.}
{"logTime": "0315/122201", "correlationVector":"bB6j6vG8iqJ0hDExDi1K6b","action":"Initial GetUpdates", "result":"", "context":Reason: NEWLY_SUPPORTED_DATATYPE. cV=bB6j6vG8iqJ0hDExDi1K6b}
{"logTime": "0315/122202", "correlationVector":"bB6j6vG8iqJ0hDExDi1K6b.1","action":"SyncServerConnectionManagerRequest", "result":"SYNC_SERVER_OK", "context":{"environment":"Prod_southindia_prod-s01-004-apac-southindia", "migrationStage":"NotStarted", "server":"akswtt01000003i"}}
{"logTime": "0315/122202", "correlationVector":"bB6j6vG8iqJ0hDExDi1K6b.2","action":"ProcessGetUpdates", "result":"Done", "context":{"dataType":"History", "deleted":"0", "process_failed_to_decrypt":"0", "process_pending_decryption":"0", "process_success":"250", "total":"250"}}
{"logTime": "0315/122202", "correlationVector":"bB6j6vG8iqJ0hDExDi1K6b.3","action":"GetUpdates Response", "result":"Success", "context":Received 250 update(s). cV=bB6j6vG8iqJ0hDExDi1K6b.0;server=akswtt01000003i;cloudType=Consumer;environment=Prod_southindia_prod-s01-004-apac-southindia;migrationStage=NotStarted Some updates remain.}
{"logTime": "0315/122202", "correlationVector":"36rvlDCSop7xhBZntlB/b2","action":"Initial GetUpdates", "result":"", "context":Reason: NEWLY_SUPPORTED_DATATYPE. cV=36rvlDCSop7xhBZntlB/b2}
{"logTime": "0315/122203", "correlationVector":"36rvlDCSop7xhBZntlB/b2.1","action":"SyncServerConnectionManagerRequest", "result":"SYNC_SERVER_OK", "context":{"environment":"Prod_southindia_prod-s01-004-apac-southindia", "migrationStage":"NotStarted", "server":"akswtt010000013"}}
{"logTime": "0315/122203", "correlationVector":"36rvlDCSop7xhBZntlB/b2.2","action":"ProcessGetUpdates", "result":"Done", "context":{"dataType":"History", "deleted":"0", "process_failed_to_decrypt":"0", "process_pending_decryption":"0", "process_success":"250", "total":"250"}}
{"logTime": "0315/122203", "correlationVector":"36rvlDCSop7xhBZntlB/b2.3","action":"GetUpdates Response", "result":"Success", "context":Received 250 update(s). cV=36rvlDCSop7xhBZntlB/b2.0;server=akswtt010000013;cloudType=Consumer;environment=Prod_southindia_prod-s01-004-apac-southindia;migrationStage=NotStarted Some updates remain.}
{"logTime": "0315/122203", "correlationVector":"txP1b3rdvCsLNjgSQGsyJi","action":"Initial GetUpdates", "result":"", "context":Reason: NEWLY_SUPPORTED_DATATYPE. cV=txP1b3rdvCsLNjgSQGsyJi}
{"logTime": "0315/122205", "correlationVector":"txP1b3rdvCsLNjgSQGsyJi.1","action":"SyncServerConnectionManagerRequest", "result":"SYNC_SERVER_OK", "context":{"environment":"Prod_southindia_prod-s01-004-apac-southindia", "migrationStage":"NotStarted", "server":"akswtt010000041"}}
{"logTime": "0315/122205", "correlationVector":"txP1b3rdvCsLNjgSQGsyJi.2","action":"ProcessGetUpdates", "result":"Done", "context":{"dataType":"History", "deleted":"0", "process_failed_to_decrypt":"0", "process_pending_decryption":"0", "process_success":"250", "total":"250"}}
{"logTime": "0315/122205", "correlationVector":"txP1b3rdvCsLNjgSQGsyJi.3","action":"GetUpdates Response", "result":"Success", "context":Received 250 update(s). cV=txP1b3rdvCsLNjgSQGsyJi.0;server=akswtt010000041;cloudType=Consumer;environment=Prod_southindia_prod-s01-004-apac-southindia;migrationStage=NotStarted Some updates remain.}
{"logTime": "0315/122205", "correlationVector":"zUuqfHc29V/9dn77aIrxNg","action":"Initial GetUpdates", "result":"", "context":Reason: NEWLY_SUPPORTED_DATATYPE. cV=zUuqfHc29V/9dn77aIrxNg}
{"logTime": "0315/122206", "correlationVector":"zUuqfHc29V/9dn77aIrxNg.1","action":"SyncServerConnectionManagerRequest", "result":"SYNC_SERVER_OK", "context":{"environment":"Prod_southindia_prod-s01-004-apac-southindia", "migrationStage":"NotStarted", "server":"akswtt01000002k"}}
{"logTime": "0315/122206", "correlationVector":"zUuqfHc29V/9dn77aIrxNg.2","action":"ProcessGetUpdates", "result":"Done", "context":{"dataType":"History", "deleted":"0", "process_failed_to_decrypt":"0", "process_pending_decryption":"0", "process_success":"250", "total":"250"}}
{"logTime": "0315/122206", "correlationVector":"zUuqfHc29V/9dn77aIrxNg.3","action":"GetUpdates Response", "result":"Success", "context":Received 250 update(s). cV=zUuqfHc29V/9dn77aIrxNg.0;server=akswtt01000002k;cloudType=Consumer;environment=Prod_southindia_prod-s01-004-apac-southindia;migrationStage=NotStarted Some updates remain.}
{"logTime": "0315/122206", "correlationVector":"UbINbfxlHDoUd1sxuKb9IB","action":"Initial GetUpdates", "result":"", "context":Reason: NEWLY_SUPPORTED_DATATYPE. cV=UbINbfxlHDoUd1sxuKb9IB}
{"logTime": "0315/122207", "correlationVector":"UbINbfxlHDoUd1sxuKb9IB.1","action":"SyncServerConnectionManagerRequest", "result":"SYNC_SERVER_OK", "context":{"environment":"Prod_southindia_prod-s01-004-apac-southindia", "migrationStage":"NotStarted", "server":"akswtt01000000m"}}
{"logTime": "0315/122207", "correlationVector":"UbINbfxlHDoUd1sxuKb9IB.2","action":"ProcessGetUpdates", "result":"Done", "context":{"dataType":"History", "deleted":"0", "process_failed_to_decrypt":"0", "process_pending_decryption":"0", "process_success":"250", "total":"250"}}
{"logTime": "0315/122207", "correlationVector":"UbINbfxlHDoUd1sxuKb9IB.3","action":"GetUpdates Response", "result":"Success", "context":Received 250 update(s). cV=UbINbfxlHDoUd1sxuKb9IB.0;server=akswtt01000000m;cloudType=Consumer;environment=Prod_southindia_prod-s01-004-apac-southindia;migrationStage=NotStarted Some updates remain.}
{"logTime": "0315/122207", "correlationVector":"UUBUFFStTLMWOHpqjL1dFi","action":"Initial GetUpdates", "result":"", "context":Reason: NEWLY_SUPPORTED_DATATYPE. cV=UUBUFFStTLMWOHpqjL1dFi}
{"logTime": "0315/122207", "correlationVector":"UUBUFFStTLMWOHpqjL1dFi.1","action":"SyncServerConnectionManagerRequest", "result":"SYNC_SERVER_OK", "context":{"environment":"Prod_southindia_prod-s01-004-apac-southindia", "migrationStage":"NotStarted", "server":"akswtt010000021"}}
{"logTime": "0315/122207", "correlationVector":"UUBUFFStTLMWOHpqjL1dFi.2","action":"ProcessGetUpdates", "result":"Done", "context":{"dataType":"History", "deleted":"0", "process_failed_to_decrypt":"0", "process_pending_decryption":"0", "process_success":"250", "total":"250"}}
{"logTime": "0315/122207", "correlationVector":"UUBUFFStTLMWOHpqjL1dFi.3","action":"GetUpdates Response", "result":"Success", "context":Received 250 update(s). cV=UUBUFFStTLMWOHpqjL1dFi.0;server=akswtt010000021;cloudType=Consumer;environment=Prod_southindia_prod-s01-004-apac-southindia;migrationStage=NotStarted Some updates remain.}
{"logTime": "0315/122207", "correlationVector":"XRf34afF0qb+gvhkqqcaBR","action":"Initial GetUpdates", "result":"", "context":Reason: NEWLY_SUPPORTED_DATATYPE. cV=XRf34afF0qb+gvhkqqcaBR}
{"logTime": "0315/122208", "correlationVector":"XRf34afF0qb+gvhkqqcaBR.1","action":"SyncServerConnectionManagerRequest", "result":"SYNC_SERVER_OK", "context":{"environment":"Prod_southindia_prod-s01-004-apac-southindia", "migrationStage":"NotStarted", "server":"akswtt010000025"}}
{"logTime": "0315/122208", "correlationVector":"XRf34afF0qb+gvhkqqcaBR.2","action":"ProcessGetUpdates", "result":"Done", "context":{"dataType":"History", "deleted":"0", "process_failed_to_decrypt":"0", "process_pending_decryption":"0", "process_success":"250", "total":"250"}}
{"logTime": "0315/122208", "correlationVector":"XRf34afF0qb+gvhkqqcaBR.3","action":"GetUpdates Response", "result":"Success", "context":Received 250 update(s). cV=XRf34afF0qb+gvhkqqcaBR.0;server=akswtt010000025;cloudType=Consumer;environment=Prod_southindia_prod-s01-004-apac-southindia;migrationStage=NotStarted Some updates remain.}
{"logTime": "0315/122208", "correlationVector":"bHyGESzrc0qwxLMOjk5tjh","action":"Initial GetUpdates", "result":"", "context":Reason: NEWLY_SUPPORTED_DATATYPE. cV=bHyGESzrc0qwxLMOjk5tjh}
{"logTime": "0315/122218", "correlationVector":"bHyGESzrc0qwxLMOjk5tjh.1","action":"SyncServerConnectionManagerRequest", "result":"SYNC_SERVER_OK", "context":{"environment":"Prod_southindia_prod-s01-004-apac-southindia", "migrationStage":"NotStarted", "server":"akswtt01000001o"}}
{"logTime": "0315/122218", "correlationVector":"bHyGESzrc0qwxLMOjk5tjh.2","action":"ProcessGetUpdates", "result":"Done", "context":{"dataType":"History", "deleted":"0", "process_failed_to_decrypt":"0", "process_pending_decryption":"0", "process_success":"250", "total":"250"}}
{"logTime": "0315/122218", "correlationVector":"bHyGESzrc0qwxLMOjk5tjh.3","action":"GetUpdates Response", "result":"Success", "context":Received 250 update(s). cV=bHyGESzrc0qwxLMOjk5tjh.0;server=akswtt01000001o;cloudType=Consumer;environment=Prod_southindia_prod-s01-004-apac-southindia;migrationStage=NotStarted Some updates remain.}
{"logTime": "0315/122218", "correlationVector":"epQd4Up531NQcCxK0YTZjq","action":"Initial GetUpdates", "result":"", "context":Reason: NEWLY_SUPPORTED_DATATYPE. cV=epQd4Up531NQcCxK0YTZjq}
{"logTime": "0315/122222", "correlationVector":"epQd4Up531NQcCxK0YTZjq.1","action":"SyncServerConnectionManagerRequest", "result":"SYNC_SERVER_OK", "context":{"environment":"Prod_southindia_prod-s01-004-apac-southindia", "migrationStage":"NotStarted", "server":"akswtt010000041"}}
{"logTime": "0315/122222", "correlationVector":"epQd4Up531NQcCxK0YTZjq.2","action":"ProcessGetUpdates", "result":"Done", "context":{"dataType":"History", "deleted":"0", "process_failed_to_decrypt":"0", "process_pending_decryption":"0", "process_success":"250", "total":"250"}}
{"logTime": "0315/122222", "correlationVector":"epQd4Up531NQcCxK0YTZjq.3","action":"GetUpdates Response", "result":"Success", "context":Received 250 update(s). cV=epQd4Up531NQcCxK0YTZjq.0;server=akswtt010000041;cloudType=Consumer;environment=Prod_southindia_prod-s01-004-apac-southindia;migrationStage=NotStarted Some updates remain.}
{"logTime": "0315/122222", "correlationVector":"8lqi2fk4exwPhvJiBs02wE","action":"Initial GetUpdates", "result":"", "context":Reason: NEWLY_SUPPORTED_DATATYPE. cV=8lqi2fk4exwPhvJiBs02wE}
{"logTime": "0315/122226", "correlationVector":"8lqi2fk4exwPhvJiBs02wE.1","action":"SyncServerConnectionManagerRequest", "result":"SYNC_SERVER_OK", "context":{"environment":"Prod_southindia_prod-s01-004-apac-southindia", "migrationStage":"NotStarted", "server":"akswtt01000002p"}}
{"logTime": "0315/122226", "correlationVector":"8lqi2fk4exwPhvJiBs02wE.2","action":"ProcessGetUpdates", "result":"Done", "context":{"dataType":"History", "deleted":"0", "process_failed_to_decrypt":"0", "process_pending_decryption":"0", "process_success":"250", "total":"250"}}
{"logTime": "0315/122226", "correlationVector":"8lqi2fk4exwPhvJiBs02wE.3","action":"GetUpdates Response", "result":"Success", "context":Received 250 update(s). cV=8lqi2fk4exwPhvJiBs02wE.0;server=akswtt01000002p;cloudType=Consumer;environment=Prod_southindia_prod-s01-004-apac-southindia;migrationStage=NotStarted Some updates remain.}
{"logTime": "0315/122226", "correlationVector":"/9wNXe8EXkxwkgj6H2OFmr","action":"Initial GetUpdates", "result":"", "context":Reason: NEWLY_SUPPORTED_DATATYPE. cV=/9wNXe8EXkxwkgj6H2OFmr}
{"logTime": "0315/122236", "correlationVector":"/9wNXe8EXkxwkgj6H2OFmr.1","action":"SyncServerConnectionManagerRequest", "result":"SYNC_SERVER_OK", "context":{"environment":"Prod_southindia_prod-s01-004-apac-southindia", "migrationStage":"NotStarted", "server":"akswtt01000001k"}}
{"logTime": "0315/122236", "correlationVector":"/9wNXe8EXkxwkgj6H2OFmr.2","action":"ProcessGetUpdates", "result":"Done", "context":{"dataType":"History", "deleted":"0", "process_failed_to_decrypt":"0", "process_pending_decryption":"0", "process_success":"250", "total":"250"}}
{"logTime": "0315/122236", "correlationVector":"/9wNXe8EXkxwkgj6H2OFmr.3","action":"GetUpdates Response", "result":"Success", "context":Received 250 update(s). cV=/9wNXe8EXkxwkgj6H2OFmr.0;server=akswtt01000001k;cloudType=Consumer;environment=Prod_southindia_prod-s01-004-apac-southindia;migrationStage=NotStarted Some updates remain.}
{"logTime": "0315/122236", "correlationVector":"MlR32Yds2z/QnpwHTbWOGE","action":"Initial GetUpdates", "result":"", "context":Reason: NEWLY_SUPPORTED_DATATYPE. cV=MlR32Yds2z/QnpwHTbWOGE}
{"logTime": "0315/122239", "correlationVector":"MlR32Yds2z/QnpwHTbWOGE.1","action":"SyncServerConnectionManagerRequest", "result":"SYNC_SERVER_OK", "context":{"environment":"Prod_southindia_prod-s01-004-apac-southindia", "migrationStage":"NotStarted", "server":"akswtt01000001p"}}
{"logTime": "0315/122239", "correlationVector":"MlR32Yds2z/QnpwHTbWOGE.2","action":"ProcessGetUpdates", "result":"Done", "context":{"dataType":"History", "deleted":"0", "process_failed_to_decrypt":"0", "process_pending_decryption":"0", "process_success":"250", "total":"250"}}
{"logTime": "0315/122239", "correlationVector":"MlR32Yds2z/QnpwHTbWOGE.3","action":"GetUpdates Response", "result":"Success", "context":Received 250 update(s). cV=MlR32Yds2z/QnpwHTbWOGE.0;server=akswtt01000001p;cloudType=Consumer;environment=Prod_southindia_prod-s01-004-apac-southindia;migrationStage=NotStarted Some updates remain.}
{"logTime": "0315/122239", "correlationVector":"NKklk8fVzb/8XIB39Ot70S","action":"Initial GetUpdates", "result":"", "context":Reason: NEWLY_SUPPORTED_DATATYPE. cV=NKklk8fVzb/8XIB39Ot70S}
{"logTime": "0315/122241", "correlationVector":"NKklk8fVzb/8XIB39Ot70S.1","action":"SyncServerConnectionManagerRequest", "result":"SYNC_SERVER_OK", "context":{"environment":"Prod_southindia_prod-s01-004-apac-southindia", "migrationStage":"NotStarted", "server":"akswtt01000002p"}}
{"logTime": "0315/122241", "correlationVector":"NKklk8fVzb/8XIB39Ot70S.2","action":"ProcessGetUpdates", "result":"Done", "context":{"dataType":"History", "deleted":"0", "process_failed_to_decrypt":"0", "process_pending_decryption":"0", "process_success":"250", "total":"250"}}
{"logTime": "0315/122241", "correlationVector":"NKklk8fVzb/8XIB39Ot70S.3","action":"GetUpdates Response", "result":"Success", "context":Received 250 update(s). cV=NKklk8fVzb/8XIB39Ot70S.0;server=akswtt01000002p;cloudType=Consumer;environment=Prod_southindia_prod-s01-004-apac-southindia;migrationStage=NotStarted Some updates remain.}
{"logTime": "0315/122241", "correlationVector":"Es3Qeh6LXwFW1nacfQRpru","action":"Initial GetUpdates", "result":"", "context":Reason: NEWLY_SUPPORTED_DATATYPE. cV=Es3Qeh6LXwFW1nacfQRpru}
{"logTime": "0315/122242", "correlationVector":"Es3Qeh6LXwFW1nacfQRpru.1","action":"SyncServerConnectionManagerRequest", "result":"SYNC_SERVER_OK", "context":{"environment":"Prod_southindia_prod-s01-004-apac-southindia", "migrationStage":"NotStarted", "server":"akswtt01000003i"}}
{"logTime": "0315/122242", "correlationVector":"Es3Qeh6LXwFW1nacfQRpru.2","action":"ProcessGetUpdates", "result":"Done", "context":{"dataType":"History", "deleted":"0", "process_failed_to_decrypt":"0", "process_pending_decryption":"0", "process_success":"250", "total":"250"}}
{"logTime": "0315/122242", "correlationVector":"Es3Qeh6LXwFW1nacfQRpru.3","action":"GetUpdates Response", "result":"Success", "context":Received 250 update(s). cV=Es3Qeh6LXwFW1nacfQRpru.0;server=akswtt01000003i;cloudType=Consumer;environment=Prod_southindia_prod-s01-004-apac-southindia;migrationStage=NotStarted Some updates remain.}
{"logTime": "0315/122242", "correlationVector":"tvCJmStbWGhV/1Ag7FSxhx","action":"Initial GetUpdates", "result":"", "context":Reason: NEWLY_SUPPORTED_DATATYPE. cV=tvCJmStbWGhV/1Ag7FSxhx}
{"logTime": "0315/122243", "correlationVector":"tvCJmStbWGhV/1Ag7FSxhx.1","action":"SyncServerConnectionManagerRequest", "result":"SYNC_SERVER_OK", "context":{"environment":"Prod_southindia_prod-s01-004-apac-southindia", "migrationStage":"NotStarted", "server":"akswtt01000003w"}}
{"logTime": "0315/122243", "correlationVector":"tvCJmStbWGhV/1Ag7FSxhx.2","action":"ProcessGetUpdates", "result":"Done", "context":{"dataType":"History", "deleted":"0", "process_failed_to_decrypt":"0", "process_pending_decryption":"0", "process_success":"250", "total":"250"}}
{"logTime": "0315/122243", "correlationVector":"tvCJmStbWGhV/1Ag7FSxhx.3","action":"GetUpdates Response", "result":"Success", "context":Received 250 update(s). cV=tvCJmStbWGhV/1Ag7FSxhx.0;server=akswtt01000003w;cloudType=Consumer;environment=Prod_southindia_prod-s01-004-apac-southindia;migrationStage=NotStarted Some updates remain.}
{"logTime": "0315/122243", "correlationVector":"IC/kxRpA3E+DOXTjTTEmKc","action":"Initial GetUpdates", "result":"", "context":Reason: NEWLY_SUPPORTED_DATATYPE. cV=IC/kxRpA3E+DOXTjTTEmKc}
{"logTime": "0315/122244", "correlationVector":"IC/kxRpA3E+DOXTjTTEmKc.1","action":"SyncServerConnectionManagerRequest", "result":"SYNC_SERVER_OK", "context":{"environment":"Prod_southindia_prod-s01-004-apac-southindia", "migrationStage":"NotStarted", "server":"akswtt01000003w"}}
{"logTime": "0315/122244", "correlationVector":"IC/kxRpA3E+DOXTjTTEmKc.2","action":"ProcessGetUpdates", "result":"Done", "context":{"dataType":"History", "deleted":"0", "process_failed_to_decrypt":"0", "process_pending_decryption":"0", "process_success":"250", "total":"250"}}
{"logTime": "0315/122244", "correlationVector":"IC/kxRpA3E+DOXTjTTEmKc.3","action":"GetUpdates Response", "result":"Success", "context":Received 250 update(s). cV=IC/kxRpA3E+DOXTjTTEmKc.0;server=akswtt01000003w;cloudType=Consumer;environment=Prod_southindia_prod-s01-004-apac-southindia;migrationStage=NotStarted Some updates remain.}
{"logTime": "0315/122244", "correlationVector":"LcOjTs3/q0urVbCS7kA4Xy","action":"Initial GetUpdates", "result":"", "context":Reason: NEWLY_SUPPORTED_DATATYPE. cV=LcOjTs3/q0urVbCS7kA4Xy}
{"logTime": "0315/122245", "correlationVector":"LcOjTs3/q0urVbCS7kA4Xy.1","action":"SyncServerConnectionManagerRequest", "result":"SYNC_SERVER_OK", "context":{"environment":"Prod_southindia_prod-s01-004-apac-southindia", "migrationStage":"NotStarted", "server":"akswtt010000041"}}
{"logTime": "0315/122245", "correlationVector":"LcOjTs3/q0urVbCS7kA4Xy.2","action":"ProcessGetUpdates", "result":"Done", "context":{"dataType":"History", "deleted":"0", "process_failed_to_decrypt":"0", "process_pending_decryption":"0", "process_success":"250", "total":"250"}}
{"logTime": "0315/122245", "correlationVector":"LcOjTs3/q0urVbCS7kA4Xy.3","action":"GetUpdates Response", "result":"Success", "context":Received 250 update(s). cV=LcOjTs3/q0urVbCS7kA4Xy.0;server=akswtt010000041;cloudType=Consumer;environment=Prod_southindia_prod-s01-004-apac-southindia;migrationStage=NotStarted Some updates remain.}
{"logTime": "0315/122245", "correlationVector":"3+83mGcfqZ8vUGVNFBIoB0","action":"Initial GetUpdates", "result":"", "context":Reason: NEWLY_SUPPORTED_DATATYPE. cV=3+83mGcfqZ8vUGVNFBIoB0}
{"logTime": "0315/122246", "correlationVector":"3+83mGcfqZ8vUGVNFBIoB0.1","action":"SyncServerConnectionManagerRequest", "result":"SYNC_SERVER_OK", "context":{"environment":"Prod_southindia_prod-s01-004-apac-southindia", "migrationStage":"NotStarted", "server":"akswtt010000004"}}
{"logTime": "0315/122246", "correlationVector":"3+83mGcfqZ8vUGVNFBIoB0.2","action":"ProcessGetUpdates", "result":"Done", "context":{"dataType":"History", "deleted":"0", "process_failed_to_decrypt":"0", "process_pending_decryption":"0", "process_success":"88", "total":"88"}}
{"logTime": "0315/122246", "correlationVector":"3+83mGcfqZ8vUGVNFBIoB0.3","action":"GetUpdates Response", "result":"Success", "context":Received 88 update(s). cV=3+83mGcfqZ8vUGVNFBIoB0.0;server=akswtt010000004;cloudType=Consumer;environment=Prod_southindia_prod-s01-004-apac-southindia;migrationStage=NotStarted}
{"logTime": "0315/122246", "correlationVector":"LDYVIlWLGFQeeeQBhAKdKI","action":"Normal GetUpdate request", "result":"", "context":cV=LDYVIlWLGFQeeeQBhAKdKI
Nudged types: Preferences, Sessions, Device Info, User Consents
Refresh requested types: Bookmarks, Preferences, Passwords, Autofill Profiles, Autofill, Extensions, Sessions, Extension settings, History Delete Directives, Device Info, User Consents, Send Tab To Self, Web Apps, History, Collection, Edge E Drop, Edge Hub App Usage, Edge Tab Group, Edge Wallet, Encryption Keys}
{"logTime": "0315/122247", "correlationVector":"LDYVIlWLGFQeeeQBhAKdKI.1","action":"SyncServerConnectionManagerRequest", "result":"SYNC_SERVER_OK", "context":{"environment":"Prod_southindia_prod-s01-004-apac-southindia", "migrationStage":"NotStarted", "server":"akswtt01000000m"}}
{"logTime": "0315/122247", "correlationVector":"LDYVIlWLGFQeeeQBhAKdKI.2","action":"GetUpdates Response", "result":"Success", "context":Received 0 update(s). cV=LDYVIlWLGFQeeeQBhAKdKI.0;server=akswtt01000000m;cloudType=Consumer;environment=Prod_southindia_prod-s01-004-apac-southindia;migrationStage=NotStarted}
{"logTime": "0315/122247", "correlationVector":"Q6nKuFIT0yIkz7uSRPKTSl","action":"Commit Request", "result":"", "context":Item count: 6
Contributing types: Preferences, Sessions, Device Info, User Consents}
{"logTime": "0315/122248", "correlationVector":"Q6nKuFIT0yIkz7uSRPKTSl.1","action":"SyncServerConnectionManagerRequest", "result":"SYNC_SERVER_OK", "context":{"environment":"Prod_southindia_prod-s01-004-apac-southindia", "migrationStage":"NotStarted", "server":"akswtt01000002l"}}
{"logTime": "0315/122248", "correlationVector":"Q6nKuFIT0yIkz7uSRPKTSl.2","action":"Commit Response", "result":"Success", "context":Result: Success. cV=Q6nKuFIT0yIkz7uSRPKTSl.0;server=akswtt01000002l;cloudType=Consumer;environment=Prod_southindia_prod-s01-004-apac-southindia;migrationStage=NotStarted}
{"logTime": "0315/141626", "correlationVector":"2c5pBhdUgcrE9tRtTfxLHh.1","action":"SyncServerConnectionManagerRequest", "result":"SYNC_SERVER_OK", "context":{"environment":"Prod_francecentral_prod-s01-062-eur-francecentral", "migrationStage":"NotStarted", "server":"akswtt005000013"}}
{"logTime": "0315/141626", "correlationVector":"2c5pBhdUgcrE9tRtTfxLHh.2","action":"ProcessGetUpdates", "result":"Done", "context":{"dataType":"Encryption Keys", "deleted":"0", "process_failed_to_decrypt":"0", "process_pending_decryption":"0", "process_success":"1", "total":"1"}}
{"logTime": "0315/141627", "correlationVector":"SvI53CzuniPkz+ov0neCSw","action":"SyncServerConnectionManagerRequest", "result":"SYNC_SERVER_OK", "context":{"environment":"", "migrationStage":"", "server":""}}
{"logTime": "0315/141627", "correlationVector":"SvI53CzuniPkz+ov0neCSw.0","action":"EncryptionKeysFetcher.DownloadKeys:", "result":"Success", "context":Key count: 10, Last key timestamp: 2025-03-15T07:32:46Z}
{"logTime": "0315/141627", "correlationVector":"SvI53CzuniPkz+ov0neCSw.1","action":"EncryptionKeysManager::SetEncryptionKeys:", "result":"Success", "context":Key names[10]:[7PMfqPTIRp5OeHcc6LrWdm4aXNFyH/m92yi54/HyB210JgTB5DEiMciB4Xmf9y59isvv7cVj8q6QOYEkZTxuVA==][SR9vCWmx2ozHVq5/Jycnp3CBpOwkj6ZV5a4jufZhwDjsGNJHxwbGaEp90n47mulO2rqBkZw5Gu1VXn2/9GsCnQ==][HnrQWjoWWd1JjMDabcyD4CdJ7KKQCc7vheCFJ65noVxliXsjKPFxavugfe7f/pI8RGpKCuYDNHv6TBvaBocWYw==][A/v1mRzu/9HTMjqsj+ZIeu+jAsEsXoW1dEeelWzu0YmsTitb04nYDq4l3+Mg6U5HGSKyj3vznNEy03RgJFN6Iw==][hOgXTYhUW1VnMAd42g0hyZRSUAMIs8vrpPJUu0ZcvyM6864VRG+Wan8N84jmmga32Gd+BAoJ/4J8b7HZV2kdXg==][q12aqoVxaSgYx1CN1jUbq4fUHk4JyK2xnOOSQyL9tRuGEWh524qO4PvKfS8TmmxFKbMeIkLtMrHGbd9KGolFmA==][BdYwSvO1i67FcYj3BcL/hFZU3lAJaa2HkcNyI1mToOZjxU0M/ZO/tuU9q2MpD0QgDDxcEl5edc5LrQFsutPhkw==][Jx4bP+dNoiYOuo3xo/v748PIGD2q4Z7q+ZCzb70WeKYhblnwOJHqNZCyyU8JyLerbZ3UPdGnTJ9yt3nimeR28Q==][67zt754gs3Yh54xXaPp/k2N7MQMge+bz5Hs6ECchwsj7XDomCpv4coAisZHrEFvz2siF4PizN5wVFRz4CtGn5Q==][gen/T4nt5AFluQ+4KWwwMMPvLJMy4NUZ6SN/ylZgW15oBdoEdEj5qCh/0Au5vEDVPDcAMVrB+nTBXcQ4Bah8/w==]}
{"logTime": "0315/141627", "correlationVector":"SvI53CzuniPkz+ov0neCSw.2","action":"EncryptionKeysManager::SetEncryptionKeysWithTimestamps:", "result":"Success", "context":Key timestamps[10]:[2021-04-05T10:19:14Z][2021-07-15T05:27:45Z][2022-01-11T11:22:06Z][2022-07-11T09:53:16Z][2023-01-07T12:08:21Z][2023-07-07T12:22:02Z][2023-11-30T15:44:09Z][2024-05-29T07:25:18Z][2024-09-15T16:20:42Z][2025-03-15T07:32:46Z]}
{"logTime": "0315/141627", "correlationVector":"2c5pBhdUgcrE9tRtTfxLHh","action":"Initial GetUpdates", "result":"", "context":Reason: NEW_CLIENT. cV=2c5pBhdUgcrE9tRtTfxLHh}
{"logTime": "0315/141627", "correlationVector":"2c5pBhdUgcrE9tRtTfxLHh.3","action":"GetUpdates Response", "result":"Success", "context":Received 1 update(s). cV=2c5pBhdUgcrE9tRtTfxLHh.0;server=akswtt005000013;cloudType=Consumer;environment=Prod_francecentral_prod-s01-062-eur-francecentral;migrationStage=NotStarted}
{"logTime": "0315/141627", "correlationVector":"VfNQVEnlb3Rhn7qKYN+/mO","action":"Initial GetUpdates", "result":"", "context":Reason: NEWLY_SUPPORTED_DATATYPE. cV=VfNQVEnlb3Rhn7qKYN+/mO}
{"logTime": "0315/141628", "correlationVector":"VfNQVEnlb3Rhn7qKYN+/mO.1","action":"SyncServerConnectionManagerRequest", "result":"SYNC_SERVER_OK", "context":{"environment":"Prod_francecentral_prod-s01-062-eur-francecentral", "migrationStage":"NotStarted", "server":"akswtt00500002i"}}
{"logTime": "0315/141628", "correlationVector":"VfNQVEnlb3Rhn7qKYN+/mO.2","action":"ProcessGetUpdates", "result":"Done", "context":{"dataType":"Passwords", "deleted":"11", "process_failed_to_decrypt":"0", "process_pending_decryption":"0", "process_success":"206", "total":"206"}}
{"logTime": "0315/141628", "correlationVector":"VfNQVEnlb3Rhn7qKYN+/mO.3","action":"GetUpdates Response", "result":"Success", "context":Received 206 update(s). cV=VfNQVEnlb3Rhn7qKYN+/mO.0;server=akswtt00500002i;cloudType=Consumer;environment=Prod_francecentral_prod-s01-062-eur-francecentral;migrationStage=NotStarted}
{"logTime": "0315/141628", "correlationVector":"KK5pV60IN8BYv/gAeBMepI","action":"Normal GetUpdate request", "result":"", "context":cV=KK5pV60IN8BYv/gAeBMepI
Nudged types: Sessions, History
Refresh requested types: Bookmarks, Preferences, Passwords, Autofill Profiles, Autofill, Extensions, Sessions, Extension settings, History Delete Directives, Device Info, User Consents, Send Tab To Self, Web Apps, History, Collection, Edge E Drop, Edge Hub App Usage, Edge Tab Group, Edge Wallet, Encryption Keys}
{"logTime": "0315/141629", "correlationVector":"KK5pV60IN8BYv/gAeBMepI.1","action":"SyncServerConnectionManagerRequest", "result":"SYNC_SERVER_OK", "context":{"environment":"Prod_francecentral_prod-s01-062-eur-francecentral", "migrationStage":"NotStarted", "server":"akswtt00500007a"}}
{"logTime": "0315/141629", "correlationVector":"KK5pV60IN8BYv/gAeBMepI.2","action":"ProcessGetUpdates", "result":"Done", "context":{"dataType":"Preferences", "deleted":"0", "process_failed_to_decrypt":"0", "process_pending_decryption":"0", "process_success":"1", "total":"1"}}
{"logTime": "0315/141629", "correlationVector":"KK5pV60IN8BYv/gAeBMepI.3","action":"ProcessGetUpdates", "result":"Done", "context":{"dataType":"Sessions", "deleted":"8", "process_failed_to_decrypt":"0", "process_pending_decryption":"0", "process_success":"12", "total":"12"}}
{"logTime": "0315/141629", "correlationVector":"KK5pV60IN8BYv/gAeBMepI.4","action":"ProcessGetUpdates", "result":"Done", "context":{"dataType":"Device Info", "deleted":"0", "process_failed_to_decrypt":"0", "process_pending_decryption":"0", "process_success":"2", "total":"2"}}
{"logTime": "0315/141629", "correlationVector":"KK5pV60IN8BYv/gAeBMepI.5","action":"ProcessGetUpdates", "result":"Done", "context":{"dataType":"History", "deleted":"0", "process_failed_to_decrypt":"0", "process_pending_decryption":"0", "process_success":"49", "total":"49"}}
{"logTime": "0315/141629", "correlationVector":"KK5pV60IN8BYv/gAeBMepI.6","action":"GetUpdates Response", "result":"Success", "context":Received 64 update(s). cV=KK5pV60IN8BYv/gAeBMepI.0;server=akswtt00500007a;cloudType=Consumer;environment=Prod_francecentral_prod-s01-062-eur-francecentral;migrationStage=NotStarted}
{"logTime": "0315/141633", "correlationVector":"Lx/BAPPuAMxlmgnZ/JuDtS","action":"Commit Request", "result":"", "context":Item count: 2
Contributing types: Sessions}
{"logTime": "0315/141633", "correlationVector":"Lx/BAPPuAMxlmgnZ/JuDtS.1","action":"SyncServerConnectionManagerRequest", "result":"SYNC_SERVER_OK", "context":{"environment":"Prod_francecentral_prod-s01-062-eur-francecentral", "migrationStage":"NotStarted", "server":"akswtt00500007a"}}
{"logTime": "0315/141633", "correlationVector":"Lx/BAPPuAMxlmgnZ/JuDtS.2","action":"Commit Response", "result":"Success", "context":Result: Success. cV=Lx/BAPPuAMxlmgnZ/JuDtS.0;server=akswtt00500007a;cloudType=Consumer;environment=Prod_francecentral_prod-s01-062-eur-francecentral;migrationStage=NotStarted}
{"logTime": "0315/141648", "correlationVector":"Jld1fqKtcJfd/fMz8pl/GV","action":"Commit Request", "result":"", "context":Item count: 3
Contributing types: Preferences, Sessions, History}
{"logTime": "0315/141649", "correlationVector":"Jld1fqKtcJfd/fMz8pl/GV.1","action":"SyncServerConnectionManagerRequest", "result":"SYNC_SERVER_OK", "context":{"environment":"Prod_francecentral_prod-s01-062-eur-francecentral", "migrationStage":"NotStarted", "server":"akswtt005000013"}}
{"logTime": "0315/141649", "correlationVector":"Jld1fqKtcJfd/fMz8pl/GV.2","action":"Commit Response", "result":"Success", "context":Result: Success. cV=Jld1fqKtcJfd/fMz8pl/GV.0;server=akswtt005000013;cloudType=Consumer;environment=Prod_francecentral_prod-s01-062-eur-francecentral;migrationStage=NotStarted}
{"logTime": "0315/141820", "correlationVector":"+8vx2OOnprUTdprJygoD18","action":"Commit Request", "result":"", "context":Item count: 1
Contributing types: Sessions}
{"logTime": "0315/141821", "correlationVector":"+8vx2OOnprUTdprJygoD18.1","action":"SyncServerConnectionManagerRequest", "result":"SYNC_SERVER_OK", "context":{"environment":"Prod_francecentral_prod-s01-062-eur-francecentral", "migrationStage":"NotStarted", "server":"akswtt00500001v"}}
{"logTime": "0315/141821", "correlationVector":"+8vx2OOnprUTdprJygoD18.2","action":"Commit Response", "result":"Success", "context":Result: Success. cV=+8vx2OOnprUTdprJygoD18.0;server=akswtt00500001v;cloudType=Consumer;environment=Prod_francecentral_prod-s01-062-eur-francecentral;migrationStage=NotStarted}
