2025-03-15 12:20:37.660: [INFO][Sync] Reset engine, reason: 8
2025-03-15 12:20:37.660: [INFO][Sync] Stopped: Bookmarks
2025-03-15 12:20:37.660: [INFO][Sync] Stopped: Preferences
2025-03-15 12:20:37.660: [INFO][Sync] Stopped: Passwords
2025-03-15 12:20:37.660: [INFO][Sync] Stopped: Autofill Profiles
2025-03-15 12:20:37.660: [INFO][Sync] Stopped: Autofill
2025-03-15 12:20:37.660: [INFO][Sync] Stopped: Extensions
2025-03-15 12:20:37.660: [INFO][Sync] Stopped: Sessions
2025-03-15 12:20:37.660: [INFO][Sync] Stopped: Extension settings
2025-03-15 12:20:37.660: [INFO][Sync] Stopped: History Delete Directives
2025-03-15 12:20:37.660: [INFO][Sync] Stopped: Device Info
2025-03-15 12:20:37.660: [INFO][Sync] Stopped: User Consents
2025-03-15 12:20:37.660: [INFO][Sync] Stopped: Send Tab To Self
2025-03-15 12:20:37.660: [INFO][Sync] Stopped: Web Apps
2025-03-15 12:20:37.660: [INFO][Sync] Stopped: History
2025-03-15 12:20:37.660: [INFO][Sync] Stopped: Collection
2025-03-15 12:20:37.660: [INFO][Sync] Stopped: Edge E Drop
2025-03-15 12:20:37.660: [INFO][Sync] Stopped: Edge Hub App Usage
2025-03-15 12:20:37.660: [INFO][Sync] Stopped: Edge Tab Group
2025-03-15 12:20:37.660: [INFO][Sync] Stopped: Edge Wallet
2025-03-15 12:20:37.661: [INFO][Sync] SyncState after authenticated was: NotSignedIn
2025-03-15 12:20:37.977: [INFO][Sync] Reset engine, reason: 8
2025-03-15 12:20:37.977: [INFO][Sync] Stopped: Bookmarks
2025-03-15 12:20:37.977: [INFO][Sync] Stopped: Preferences
2025-03-15 12:20:37.978: [INFO][Sync] Stopped: Passwords
2025-03-15 12:20:37.978: [INFO][Sync] Stopped: Autofill Profiles
2025-03-15 12:20:37.978: [INFO][Sync] Stopped: Autofill
2025-03-15 12:20:37.978: [INFO][Sync] Stopped: Extensions
2025-03-15 12:20:37.978: [INFO][Sync] Stopped: Sessions
2025-03-15 12:20:37.978: [INFO][Sync] Stopped: Extension settings
2025-03-15 12:20:37.978: [INFO][Sync] Stopped: History Delete Directives
2025-03-15 12:20:37.978: [INFO][Sync] Stopped: Device Info
2025-03-15 12:20:37.978: [INFO][Sync] Stopped: User Consents
2025-03-15 12:20:37.978: [INFO][Sync] Stopped: Send Tab To Self
2025-03-15 12:20:37.978: [INFO][Sync] Stopped: Web Apps
2025-03-15 12:20:37.978: [INFO][Sync] Stopped: History
2025-03-15 12:20:37.978: [INFO][Sync] Stopped: Collection
2025-03-15 12:20:37.978: [INFO][Sync] Stopped: Edge E Drop
2025-03-15 12:20:37.978: [INFO][Sync] Stopped: Edge Hub App Usage
2025-03-15 12:20:37.978: [INFO][Sync] Stopped: Edge Tab Group
2025-03-15 12:20:37.978: [INFO][Sync] Stopped: Edge Wallet
2025-03-15 12:20:38.244: [INFO][Sync] Try to start sync engine
2025-03-15 12:20:38.246: [INFO][SyncManagerImpl::NudgeForInitialDownload] Initial download nudge for Encryption Keys
2025-03-15 12:20:38.246: [INFO][SyncEngineBackend::LoadAndConnectNigoriController] Load and connect Nigori controller
2025-03-15 12:20:38.246: [INFO][SyncEngineBackend::DoInitialize] Control Types added: Encryption Keys
2025-03-15 12:20:38.246: [INFO][SyncManagerImpl::ConfigureSyncer] Types to download: Encryption Keys with reason: 3
2025-03-15 12:20:38.246: [INFO][SyncSchedulerImpl::DoConfigurationSyncCycleJob] Configure job was blocked
2025-03-15 12:20:39.186: [INFO][SyncAuthManager::SetLastAuthError] Current auth error: None
2025-03-15 12:20:39.186: [INFO][SyncAuthManager::EdgeLogTokenErrorState] Token error with: None for account type: MSA
2025-03-15 12:20:39.186: [INFO][Sync] Credentials changed for: EdgeSyncScopeNew
2025-03-15 12:20:41.896: [INFO][SyncAuthManager::SetLastAuthError] Current auth error: None
2025-03-15 12:20:41.896: [INFO][SyncAuthManager::EdgeLogTokenErrorState] Token error with: None for account type: MSA
2025-03-15 12:20:41.896: [INFO][Sync] Credentials changed for: EdgeSyncKeyDataScope
2025-03-15 12:20:41.896: [INFO][SyncEngineBackend::DoUpdateKeyDataCredentials] Update key data credentials
2025-03-15 12:20:41.896: [INFO][SyncEngineBackend::DoUpdateCredentials] Update credentials
2025-03-15 12:20:41.896: [INFO][SyncSchedulerImpl::DoConfigurationSyncCycleJob] Blocked types:  and types to download: Encryption Keys
2025-03-15 12:20:43.035: [INFO][Sync] Started DataTypeManager configuration, reason: 4
2025-03-15 12:20:43.036: [INFO][Sync] Configuring for: Bookmarks, Preferences, Passwords, Autofill Profiles, Autofill, Extensions, Sessions, Extension settings, History Delete Directives, Device Info, User Consents, Send Tab To Self, Web Apps, History, Collection, Edge E Drop, Edge Hub App Usage, Edge Tab Group, Edge Wallet, Encryption Keys, reason: 3, current state: 0
2025-03-15 12:20:43.036: [WARN][Sync] Crypto error data types: Passwords, Autofill Profiles, Autofill
2025-03-15 12:20:43.037: [INFO][Sync] Configure, desired: Bookmarks, Preferences, Extensions, Sessions, Extension settings, History Delete Directives, Device Info, User Consents, Send Tab To Self, Web Apps, History, Collection, Edge E Drop, Edge Hub App Usage, Edge Tab Group, Edge Wallet, Encryption Keys; Allow fail: Passwords, Autofill Profiles, Autofill
2025-03-15 12:20:43.037: [INFO][Sync] Loading: Bookmarks
2025-03-15 12:20:43.037: [INFO][Sync] Loading: Preferences
2025-03-15 12:20:43.037: [INFO][Sync] Loading: Extensions
2025-03-15 12:20:43.037: [INFO][Sync] Loading: Sessions
2025-03-15 12:20:43.037: [INFO][Sync] Loading: Extension settings
2025-03-15 12:20:43.037: [INFO][Sync] Loading: History Delete Directives
2025-03-15 12:20:43.037: [INFO][Sync] Loading: Device Info
2025-03-15 12:20:43.037: [INFO][Sync] Loading: User Consents
2025-03-15 12:20:43.037: [INFO][Sync] Loading: Send Tab To Self
2025-03-15 12:20:43.037: [INFO][Sync] Loading: Web Apps
2025-03-15 12:20:43.037: [INFO][Sync] Loading: History
2025-03-15 12:20:43.037: [INFO][Sync] Loading: Collection
2025-03-15 12:20:43.037: [INFO][Sync] Loading: Edge E Drop
2025-03-15 12:20:43.037: [INFO][Sync] Loading: Edge Hub App Usage
2025-03-15 12:20:43.037: [INFO][Sync] Loading: Edge Tab Group
2025-03-15 12:20:43.037: [INFO][Sync] Loading: Edge Wallet
2025-03-15 12:20:43.041: [INFO][Sync] All data types are ready for configure.
2025-03-15 12:20:49.672: [INFO][Sync] Started DataTypeManager configuration, reason: 5
2025-03-15 12:20:49.672: [INFO][Sync] Configuring for: Bookmarks, Preferences, Passwords, Autofill Profiles, Autofill, Extensions, Sessions, Extension settings, History Delete Directives, Device Info, User Consents, Send Tab To Self, Web Apps, History, Collection, Edge E Drop, Edge Hub App Usage, Edge Tab Group, Edge Wallet, Encryption Keys, reason: 5, current state: 1
2025-03-15 12:20:49.678: [INFO][SyncEngineBackend::DoStartConfiguration] Start configuration
2025-03-15 12:20:49.678: [INFO][SyncManagerImpl::NudgeForInitialDownload] Initial download nudge for Bookmarks
2025-03-15 12:20:49.678: [INFO][SyncManagerImpl::NudgeForInitialDownload] Initial download nudge for Preferences
2025-03-15 12:20:49.678: [INFO][SyncManagerImpl::NudgeForInitialDownload] Initial download nudge for Extensions
2025-03-15 12:20:49.678: [INFO][SyncManagerImpl::NudgeForInitialDownload] Initial download nudge for Sessions
2025-03-15 12:20:49.678: [INFO][SyncManagerImpl::NudgeForInitialDownload] Initial download nudge for Extension settings
2025-03-15 12:20:49.678: [INFO][SyncManagerImpl::NudgeForInitialDownload] Initial download nudge for History Delete Directives
2025-03-15 12:20:49.678: [INFO][SyncManagerImpl::NudgeForInitialDownload] Initial download nudge for Device Info
2025-03-15 12:20:49.678: [INFO][SyncManagerImpl::NudgeForInitialDownload] Initial download nudge for Send Tab To Self
2025-03-15 12:20:49.678: [INFO][SyncManagerImpl::NudgeForInitialDownload] Initial download nudge for Web Apps
2025-03-15 12:20:49.678: [INFO][SyncManagerImpl::NudgeForInitialDownload] Initial download nudge for History
2025-03-15 12:20:49.678: [INFO][SyncManagerImpl::NudgeForInitialDownload] Initial download nudge for Collection
2025-03-15 12:20:49.678: [INFO][SyncManagerImpl::NudgeForInitialDownload] Initial download nudge for Edge E Drop
2025-03-15 12:20:49.678: [INFO][SyncManagerImpl::NudgeForInitialDownload] Initial download nudge for Edge Hub App Usage
2025-03-15 12:20:49.678: [INFO][SyncManagerImpl::NudgeForInitialDownload] Initial download nudge for Edge Tab Group
2025-03-15 12:20:49.678: [INFO][SyncManagerImpl::NudgeForInitialDownload] Initial download nudge for Edge Wallet
2025-03-15 12:20:49.678: [INFO][SyncManagerImpl::ConfigureSyncer] Types to download:  with reason: 3
2025-03-15 12:20:49.678: [INFO][SyncEngineBackend::DoFinishConfigureDataTypes] Failed to download types:  and succeeded types: 
2025-03-15 12:20:49.679: [INFO][Sync] ConfigurationDone, failed: , succeeded: , remaining count: 4
2025-03-15 12:20:49.679: [WARN][Sync]     Reconfigure requested while configuration ongoing.
2025-03-15 12:20:49.679: [INFO][Sync] Configuring for: Bookmarks, Preferences, Passwords, Autofill Profiles, Autofill, Extensions, Sessions, Extension settings, History Delete Directives, Device Info, User Consents, Send Tab To Self, Web Apps, History, Collection, Edge E Drop, Edge Hub App Usage, Edge Tab Group, Edge Wallet, Encryption Keys, reason: 5, current state: 2
2025-03-15 12:20:49.679: [INFO][Sync] Configure, desired: Bookmarks, Preferences, Passwords, Autofill Profiles, Autofill, Extensions, Sessions, Extension settings, History Delete Directives, Device Info, User Consents, Send Tab To Self, Web Apps, History, Collection, Edge E Drop, Edge Hub App Usage, Edge Tab Group, Edge Wallet, Encryption Keys; Allow fail: 
2025-03-15 12:20:49.679: [INFO][Sync] Loading: Passwords
2025-03-15 12:20:49.679: [INFO][Sync] Loading: Autofill Profiles
2025-03-15 12:20:49.679: [INFO][Sync] Loading: Autofill
2025-03-15 12:20:49.679: [INFO][Sync] All data types are ready for configure.
2025-03-15 12:20:49.679: [INFO][SyncManagerImpl::NudgeForInitialDownload] Initial download nudge for Passwords
2025-03-15 12:20:49.679: [INFO][SyncManagerImpl::NudgeForInitialDownload] Initial download nudge for Autofill Profiles
2025-03-15 12:20:49.679: [INFO][SyncManagerImpl::NudgeForInitialDownload] Initial download nudge for Autofill
2025-03-15 12:20:49.679: [INFO][SyncManagerImpl::ConfigureSyncer] Types to download:  with reason: 5
2025-03-15 12:20:49.679: [INFO][SyncEngineBackend::DoFinishConfigureDataTypes] Failed to download types:  and succeeded types: 
2025-03-15 12:20:49.679: [INFO][Sync] ConfigurationDone, failed: , succeeded: , remaining count: 4
2025-03-15 12:20:49.679: [INFO][Sync] Prepare to configure types: Preferences, Passwords, Device Info, Send Tab To Self, Edge E Drop, Encryption Keys
2025-03-15 12:20:49.679: [INFO][SyncManagerImpl::ConfigureSyncer] Types to download: Preferences, Passwords, Device Info, Send Tab To Self, Edge E Drop, Encryption Keys with reason: 5
2025-03-15 12:20:49.679: [INFO][SyncSchedulerImpl::DoConfigurationSyncCycleJob] Blocked types:  and types to download: Preferences, Passwords, Device Info, Send Tab To Self, Edge E Drop, Encryption Keys
2025-03-15 12:20:57.544: [INFO][SyncEngineBackend::DoFinishConfigureDataTypes] Failed to download types:  and succeeded types: Preferences, Passwords, Device Info, Send Tab To Self, Edge E Drop, Encryption Keys
2025-03-15 12:20:57.576: [INFO][Sync] ConfigurationDone, failed: , succeeded: Preferences, Passwords, Device Info, Send Tab To Self, Edge E Drop, Encryption Keys, remaining count: 3
2025-03-15 12:20:57.576: [INFO][Sync] Prepare to configure types: Bookmarks, Encryption Keys
2025-03-15 12:20:57.576: [INFO][SyncManagerImpl::ConfigureSyncer] Types to download: Bookmarks, Encryption Keys with reason: 5
2025-03-15 12:20:57.576: [INFO][SyncSchedulerImpl::DoConfigurationSyncCycleJob] Blocked types:  and types to download: Bookmarks, Encryption Keys
2025-03-15 12:20:59.111: [INFO][SyncEngineBackend::DoFinishConfigureDataTypes] Failed to download types:  and succeeded types: Bookmarks, Encryption Keys
2025-03-15 12:20:59.113: [INFO][Sync] ConfigurationDone, failed: , succeeded: Bookmarks, Encryption Keys, remaining count: 2
2025-03-15 12:20:59.113: [INFO][Sync] Prepare to configure types: Autofill Profiles, Autofill, Extensions, Sessions, Extension settings, History Delete Directives, Web Apps, Collection, Edge Hub App Usage, Edge Tab Group, Edge Wallet, Encryption Keys
2025-03-15 12:20:59.113: [INFO][SyncManagerImpl::ConfigureSyncer] Types to download: Autofill Profiles, Autofill, Extensions, Sessions, Extension settings, History Delete Directives, Web Apps, Collection, Edge Hub App Usage, Edge Tab Group, Edge Wallet, Encryption Keys with reason: 5
2025-03-15 12:20:59.113: [INFO][SyncSchedulerImpl::DoConfigurationSyncCycleJob] Blocked types:  and types to download: Autofill Profiles, Autofill, Extensions, Sessions, Extension settings, History Delete Directives, Web Apps, Collection, Edge Hub App Usage, Edge Tab Group, Edge Wallet, Encryption Keys
2025-03-15 12:21:55.674: [INFO][SyncEngineBackend::DoFinishConfigureDataTypes] Failed to download types:  and succeeded types: Autofill Profiles, Autofill, Extensions, Sessions, Extension settings, History Delete Directives, Web Apps, Collection, Edge Hub App Usage, Edge Tab Group, Edge Wallet, Encryption Keys
2025-03-15 12:21:55.675: [INFO][Sync] ConfigurationDone, failed: , succeeded: Autofill Profiles, Autofill, Extensions, Sessions, Extension settings, History Delete Directives, Web Apps, Collection, Edge Hub App Usage, Edge Tab Group, Edge Wallet, Encryption Keys, remaining count: 1
2025-03-15 12:21:55.676: [INFO][Sync] Prepare to configure types: History, Encryption Keys
2025-03-15 12:21:55.676: [INFO][SyncManagerImpl::ConfigureSyncer] Types to download: History, Encryption Keys with reason: 5
2025-03-15 12:21:55.676: [INFO][SyncSchedulerImpl::DoConfigurationSyncCycleJob] Blocked types:  and types to download: History, Encryption Keys
2025-03-15 12:22:46.811: [INFO][SyncEngineBackend::DoFinishConfigureDataTypes] Failed to download types:  and succeeded types: History, Encryption Keys
2025-03-15 12:22:46.831: [INFO][Sync] ConfigurationDone, failed: , succeeded: History, Encryption Keys, remaining count: 0
2025-03-15 12:22:46.849: [INFO][Sync]     Configuration completed, state: 7
2025-03-15 12:22:46.849: [INFO][Sync] Configured DataTypeManager: Ok
2025-03-15 12:22:46.867: [INFO][SyncEngineBackend::DoStartSyncing] Start syncing
2025-03-15 14:16:21.208: [INFO][Sync] SyncState after authenticated was: FeatureCanStart
2025-03-15 14:16:22.132: [INFO][Sync] Try to start sync engine
2025-03-15 14:16:22.133: [INFO][SyncManagerImpl::NudgeForInitialDownload] Initial download nudge for Encryption Keys
2025-03-15 14:16:22.133: [INFO][SyncEngineBackend::LoadAndConnectNigoriController] Load and connect Nigori controller
2025-03-15 14:16:22.133: [INFO][SyncEngineBackend::DoInitialize] Control Types added: Encryption Keys
2025-03-15 14:16:22.133: [INFO][SyncManagerImpl::ConfigureSyncer] Types to download: Encryption Keys with reason: 3
2025-03-15 14:16:22.133: [INFO][SyncSchedulerImpl::DoConfigurationSyncCycleJob] Configure job was blocked
2025-03-15 14:16:22.171: [INFO][SyncAuthManager::SetLastAuthError] Current auth error: None
2025-03-15 14:16:22.171: [INFO][SyncAuthManager::EdgeLogTokenErrorState] Token error with: None for account type: MSA
2025-03-15 14:16:22.171: [INFO][Sync] Credentials changed for: EdgeSyncScopeNew
2025-03-15 14:16:25.610: [INFO][SyncAuthManager::SetLastAuthError] Current auth error: None
2025-03-15 14:16:25.610: [INFO][SyncAuthManager::EdgeLogTokenErrorState] Token error with: None for account type: MSA
2025-03-15 14:16:25.610: [INFO][Sync] Credentials changed for: EdgeSyncKeyDataScope
2025-03-15 14:16:25.610: [INFO][SyncEngineBackend::DoUpdateKeyDataCredentials] Update key data credentials
2025-03-15 14:16:25.610: [INFO][SyncEngineBackend::DoUpdateCredentials] Update credentials
2025-03-15 14:16:25.610: [INFO][SyncSchedulerImpl::DoConfigurationSyncCycleJob] Blocked types:  and types to download: Encryption Keys
2025-03-15 14:16:26.862: [INFO][Sync] Started DataTypeManager configuration, reason: 4
2025-03-15 14:16:26.862: [INFO][Sync] Configuring for: Bookmarks, Preferences, Passwords, Autofill Profiles, Autofill, Extensions, Sessions, Extension settings, History Delete Directives, Device Info, User Consents, Send Tab To Self, Web Apps, History, Collection, Edge E Drop, Edge Hub App Usage, Edge Tab Group, Edge Wallet, Encryption Keys, reason: 4, current state: 0
2025-03-15 14:16:26.862: [WARN][Sync] Crypto error data types: Passwords, Autofill Profiles, Autofill
2025-03-15 14:16:26.875: [INFO][Sync] Configure, desired: Bookmarks, Preferences, Extensions, Sessions, Extension settings, History Delete Directives, Device Info, User Consents, Send Tab To Self, Web Apps, History, Collection, Edge E Drop, Edge Hub App Usage, Edge Tab Group, Edge Wallet, Encryption Keys; Allow fail: Passwords, Autofill Profiles, Autofill
2025-03-15 14:16:26.875: [INFO][Sync] Loading: Bookmarks
2025-03-15 14:16:26.875: [INFO][Sync] Loading: Preferences
2025-03-15 14:16:26.875: [INFO][Sync] Loading: Extensions
2025-03-15 14:16:26.875: [INFO][Sync] Loading: Sessions
2025-03-15 14:16:26.875: [INFO][Sync] Loading: Extension settings
2025-03-15 14:16:26.875: [INFO][Sync] Loading: History Delete Directives
2025-03-15 14:16:26.875: [INFO][Sync] Loading: Device Info
2025-03-15 14:16:26.875: [INFO][Sync] Loading: User Consents
2025-03-15 14:16:26.875: [INFO][Sync] Loading: Send Tab To Self
2025-03-15 14:16:26.875: [INFO][Sync] Loading: Web Apps
2025-03-15 14:16:26.875: [INFO][Sync] Loading: History
2025-03-15 14:16:26.875: [INFO][Sync] Loading: Collection
2025-03-15 14:16:26.875: [INFO][Sync] Loading: Edge E Drop
2025-03-15 14:16:26.875: [INFO][Sync] Loading: Edge Hub App Usage
2025-03-15 14:16:26.875: [INFO][Sync] Loading: Edge Tab Group
2025-03-15 14:16:26.875: [INFO][Sync] Loading: Edge Wallet
2025-03-15 14:16:26.893: [INFO][Sync] All data types are ready for configure.
2025-03-15 14:16:27.666: [INFO][Sync] Started DataTypeManager configuration, reason: 5
2025-03-15 14:16:27.666: [INFO][Sync] Configuring for: Bookmarks, Preferences, Passwords, Autofill Profiles, Autofill, Extensions, Sessions, Extension settings, History Delete Directives, Device Info, User Consents, Send Tab To Self, Web Apps, History, Collection, Edge E Drop, Edge Hub App Usage, Edge Tab Group, Edge Wallet, Encryption Keys, reason: 5, current state: 1
2025-03-15 14:16:27.669: [INFO][SyncEngineBackend::DoStartConfiguration] Start configuration
2025-03-15 14:16:27.669: [INFO][SyncManagerImpl::ConfigureSyncer] Types to download:  with reason: 4
2025-03-15 14:16:27.669: [INFO][SyncEngineBackend::DoFinishConfigureDataTypes] Failed to download types:  and succeeded types: 
2025-03-15 14:16:27.679: [INFO][Sync] ConfigurationDone, failed: , succeeded: , remaining count: 4
2025-03-15 14:16:27.679: [WARN][Sync]     Reconfigure requested while configuration ongoing.
2025-03-15 14:16:27.679: [INFO][Sync] Configuring for: Bookmarks, Preferences, Passwords, Autofill Profiles, Autofill, Extensions, Sessions, Extension settings, History Delete Directives, Device Info, User Consents, Send Tab To Self, Web Apps, History, Collection, Edge E Drop, Edge Hub App Usage, Edge Tab Group, Edge Wallet, Encryption Keys, reason: 5, current state: 2
2025-03-15 14:16:27.679: [INFO][Sync] Configure, desired: Bookmarks, Preferences, Passwords, Autofill Profiles, Autofill, Extensions, Sessions, Extension settings, History Delete Directives, Device Info, User Consents, Send Tab To Self, Web Apps, History, Collection, Edge E Drop, Edge Hub App Usage, Edge Tab Group, Edge Wallet, Encryption Keys; Allow fail: 
2025-03-15 14:16:27.679: [INFO][Sync] Loading: Passwords
2025-03-15 14:16:27.679: [INFO][Sync] Loading: Autofill Profiles
2025-03-15 14:16:27.679: [INFO][Sync] Loading: Autofill
2025-03-15 14:16:27.679: [INFO][Sync] All data types are ready for configure.
2025-03-15 14:16:27.679: [INFO][SyncManagerImpl::NudgeForInitialDownload] Initial download nudge for Passwords
2025-03-15 14:16:27.679: [INFO][SyncManagerImpl::ConfigureSyncer] Types to download:  with reason: 5
2025-03-15 14:16:27.680: [INFO][SyncEngineBackend::DoFinishConfigureDataTypes] Failed to download types:  and succeeded types: 
2025-03-15 14:16:27.682: [INFO][Sync] ConfigurationDone, failed: , succeeded: , remaining count: 4
2025-03-15 14:16:27.682: [INFO][Sync] Prepare to configure types: Passwords, Encryption Keys
2025-03-15 14:16:27.682: [INFO][SyncManagerImpl::ConfigureSyncer] Types to download: Passwords, Encryption Keys with reason: 5
2025-03-15 14:16:27.682: [INFO][SyncSchedulerImpl::DoConfigurationSyncCycleJob] Blocked types:  and types to download: Passwords, Encryption Keys
2025-03-15 14:16:28.779: [INFO][SyncEngineBackend::DoFinishConfigureDataTypes] Failed to download types:  and succeeded types: Passwords, Encryption Keys
2025-03-15 14:16:28.786: [INFO][Sync] ConfigurationDone, failed: , succeeded: Passwords, Encryption Keys, remaining count: 3
2025-03-15 14:16:28.786: [INFO][SyncManagerImpl::ConfigureSyncer] Types to download:  with reason: 5
2025-03-15 14:16:28.786: [INFO][SyncEngineBackend::DoFinishConfigureDataTypes] Failed to download types:  and succeeded types: 
2025-03-15 14:16:28.786: [INFO][Sync] ConfigurationDone, failed: , succeeded: , remaining count: 2
2025-03-15 14:16:28.786: [INFO][SyncManagerImpl::ConfigureSyncer] Types to download:  with reason: 5
2025-03-15 14:16:28.786: [INFO][SyncEngineBackend::DoFinishConfigureDataTypes] Failed to download types:  and succeeded types: 
2025-03-15 14:16:28.787: [INFO][Sync] ConfigurationDone, failed: , succeeded: , remaining count: 1
2025-03-15 14:16:28.799: [INFO][SyncManagerImpl::ConfigureSyncer] Types to download:  with reason: 5
2025-03-15 14:16:28.799: [INFO][SyncEngineBackend::DoFinishConfigureDataTypes] Failed to download types:  and succeeded types: 
2025-03-15 14:16:28.800: [INFO][Sync] ConfigurationDone, failed: , succeeded: , remaining count: 0
2025-03-15 14:16:28.809: [INFO][Sync]     Configuration completed, state: 7
2025-03-15 14:16:28.810: [INFO][Sync] Configured DataTypeManager: Ok
2025-03-15 14:16:28.818: [INFO][SyncEngineBackend::DoStartSyncing] Start syncing
2025-03-15 14:40:16.567: [INFO][Sync] Reset engine, reason: 0
2025-03-15 14:40:16.567: [INFO][Sync] Reset engine with reason: 0
